{"meta": {"format": 3, "version": "7.9.2", "timestamp": "2025-07-08T09:54:18.006994", "branch_coverage": false, "show_contexts": false}, "files": {"src/litecrew/__init__.py": {"executed_lines": [1, 7, 10, 11, 12, 13, 15, 16, 18], "summary": {"covered_lines": 8, "num_statements": 8, "percent_covered": 100.0, "percent_covered_display": "100", "missing_lines": 0, "excluded_lines": 0}, "missing_lines": [], "excluded_lines": [], "functions": {"": {"executed_lines": [1, 7, 10, 11, 12, 13, 15, 16, 18], "summary": {"covered_lines": 8, "num_statements": 8, "percent_covered": 100.0, "percent_covered_display": "100", "missing_lines": 0, "excluded_lines": 0}, "missing_lines": [], "excluded_lines": []}}, "classes": {"": {"executed_lines": [1, 7, 10, 11, 12, 13, 15, 16, 18], "summary": {"covered_lines": 8, "num_statements": 8, "percent_covered": 100.0, "percent_covered_display": "100", "missing_lines": 0, "excluded_lines": 0}, "missing_lines": [], "excluded_lines": []}}}, "src/litecrew/agent.py": {"executed_lines": [1, 5, 6, 7, 8, 20, 21, 22, 26, 27, 28, 30, 33, 34, 35, 36, 42, 49, 55, 56, 58, 60, 63, 64, 79, 118, 119, 120, 121, 122, 123, 124, 125, 126, 127, 128, 129, 130, 131, 132, 135, 136, 137, 138, 141, 142, 145, 146, 150, 151, 154, 157, 158, 163, 164, 165, 168, 169, 170, 173, 174, 175, 177, 180, 181, 182, 186, 187, 188, 192, 195, 197, 198, 199, 203, 205, 206, 207, 209, 211, 212, 213, 215, 217, 220, 221, 224, 227, 228, 229, 232, 234, 237, 240, 247, 248, 251, 254, 255, 262, 263, 265, 267, 290, 293, 296, 302, 305, 314, 316, 318, 319, 321, 322, 324, 333, 341, 343, 347, 348, 349, 350, 351, 352, 353, 355, 356, 357, 359, 366, 367, 368, 371, 373, 377, 379, 380, 381, 382, 384, 385, 387, 389, 397, 398, 399, 400, 404, 405, 406, 408, 409, 410, 412, 415, 416, 418, 435, 446, 447, 499, 503, 505, 507, 509, 510, 514, 515, 526, 529, 530, 537, 538, 541, 542, 543, 547, 550, 551, 552, 553, 555, 556, 557, 560, 570, 571, 574, 575, 578, 584, 586, 587, 592, 595, 596, 597, 600, 601, 608, 609, 612, 613, 618, 627, 628, 631, 632, 635, 636, 639, 640, 647, 648, 652, 653, 654, 658, 666, 670, 672, 674, 675, 676, 677, 679, 681, 684, 685, 686, 695, 696, 697, 699, 700, 701, 734, 761, 762, 773, 776, 778, 782, 783, 786, 789, 794, 795, 796, 799, 803, 804, 807, 815, 825, 826, 829, 832, 833, 836, 838, 839, 842, 843, 850, 854, 855, 860, 864, 868, 873, 874, 876, 885, 888, 889, 891, 898, 911, 922, 923, 924, 925, 926, 927, 928, 929, 930, 932, 944, 945, 946, 948, 963, 964, 966, 970, 979, 982, 983, 986, 987, 988, 989, 990, 993, 994, 997, 998, 999, 1000, 1001, 1003, 1005, 1007, 1009, 1011, 1012, 1014, 1016, 1017, 1019, 1020, 1021, 1023, 1050, 1052, 1054, 1056, 1058, 1061, 1069, 1070, 1071, 1075, 1076, 1077, 1081, 1082, 1083, 1087, 1088, 1089, 1093, 1109, 1141, 1143, 1144, 1149, 1151, 1152, 1154, 1155, 1165, 1167, 1169, 1170, 1172, 1176, 1179, 1183, 1189, 1191, 1192, 1195, 1203, 1212], "summary": {"covered_lines": 363, "num_statements": 518, "percent_covered": 70.07722007722008, "percent_covered_display": "70", "missing_lines": 155, "excluded_lines": 0}, "missing_lines": [23, 25, 50, 52, 184, 354, 374, 402, 432, 448, 449, 450, 453, 454, 455, 460, 461, 462, 463, 466, 469, 471, 472, 473, 474, 476, 479, 481, 488, 489, 490, 491, 493, 494, 495, 497, 544, 561, 567, 579, 580, 581, 619, 624, 655, 659, 667, 687, 688, 689, 692, 703, 704, 705, 708, 709, 710, 711, 712, 713, 714, 715, 718, 719, 720, 721, 722, 723, 724, 725, 727, 728, 729, 730, 732, 746, 747, 748, 749, 750, 751, 753, 756, 757, 759, 777, 779, 790, 791, 792, 800, 808, 809, 810, 811, 812, 817, 818, 823, 851, 861, 865, 869, 877, 878, 879, 880, 881, 883, 912, 913, 914, 915, 917, 918, 919, 961, 980, 1026, 1027, 1028, 1029, 1032, 1033, 1034, 1037, 1038, 1044, 1045, 1046, 1047, 1048, 1059, 1095, 1096, 1099, 1102, 1103, 1107, 1111, 1112, 1115, 1118, 1119, 1124, 1126, 1130, 1132, 1137, 1139, 1173, 1180, 1193, 1201, 1210], "excluded_lines": [], "functions": {"LiteAgent.__init__": {"executed_lines": [60], "summary": {"covered_lines": 1, "num_statements": 1, "percent_covered": 100.0, "percent_covered_display": "100", "missing_lines": 0, "excluded_lines": 0}, "missing_lines": [], "excluded_lines": []}, "Agent.__init__": {"executed_lines": [118, 119, 120, 121, 122, 123, 124, 125, 126, 127, 128, 129, 130, 131, 132, 135, 136, 137, 138, 141, 142, 145, 146, 150, 151, 154, 157, 158, 163, 164, 165, 168, 169, 170, 173, 174, 175, 177, 180, 181, 182, 186, 187, 188, 192, 195, 197, 198, 199, 203, 205, 206, 207, 209, 211, 212, 213, 215, 217, 220, 221, 224, 227, 228, 229, 232, 234, 237, 240, 247, 248, 251, 254, 255, 262, 263], "summary": {"covered_lines": 76, "num_statements": 77, "percent_covered": 98.7012987012987, "percent_covered_display": "99", "missing_lines": 1, "excluded_lines": 0}, "missing_lines": [184], "excluded_lines": []}, "Agent._build_system_message": {"executed_lines": [267], "summary": {"covered_lines": 1, "num_statements": 1, "percent_covered": 100.0, "percent_covered_display": "100", "missing_lines": 0, "excluded_lines": 0}, "missing_lines": [], "excluded_lines": []}, "Agent._create_agent_executor": {"executed_lines": [293, 296, 302, 305], "summary": {"covered_lines": 4, "num_statements": 4, "percent_covered": 100.0, "percent_covered_display": "100", "missing_lines": 0, "excluded_lines": 0}, "missing_lines": [], "excluded_lines": []}, "Agent._convert_tools": {"executed_lines": [316, 318, 319, 321, 322, 324, 333, 341], "summary": {"covered_lines": 8, "num_statements": 8, "percent_covered": 100.0, "percent_covered_display": "100", "missing_lines": 0, "excluded_lines": 0}, "missing_lines": [], "excluded_lines": []}, "Agent._parse_providers": {"executed_lines": [347, 348, 349, 350, 351, 352, 353, 355, 356, 357], "summary": {"covered_lines": 10, "num_statements": 11, "percent_covered": 90.9090909090909, "percent_covered_display": "91", "missing_lines": 1, "excluded_lines": 0}, "missing_lines": [354], "excluded_lines": []}, "Agent._initialize_llm": {"executed_lines": [366, 367, 368, 371, 373, 377, 379, 380, 381, 382, 384, 385, 387, 389, 397, 398, 399, 400, 404, 405, 406, 408, 409, 410, 412, 415, 416, 418, 435, 446, 447], "summary": {"covered_lines": 30, "num_statements": 60, "percent_covered": 50.0, "percent_covered_display": "50", "missing_lines": 30, "excluded_lines": 0}, "missing_lines": [374, 402, 432, 448, 449, 450, 453, 454, 455, 460, 461, 462, 463, 466, 469, 471, 472, 473, 474, 476, 479, 481, 488, 489, 490, 491, 493, 494, 495, 497], "excluded_lines": []}, "Agent.switch_llm_provider": {"executed_lines": [503, 505], "summary": {"covered_lines": 2, "num_statements": 2, "percent_covered": 100.0, "percent_covered_display": "100", "missing_lines": 0, "excluded_lines": 0}, "missing_lines": [], "excluded_lines": []}, "Agent._budget_alert_handler": {"executed_lines": [509, 510], "summary": {"covered_lines": 2, "num_statements": 2, "percent_covered": 100.0, "percent_covered_display": "100", "missing_lines": 0, "excluded_lines": 0}, "missing_lines": [], "excluded_lines": []}, "Agent.execute": {"executed_lines": [526, 529, 530, 537, 538, 541, 542, 543, 547, 550, 551, 552, 553, 555, 556, 557, 560, 570, 571, 574, 575, 578, 584, 586, 587, 592, 595, 596, 597, 600, 601, 608, 609, 612, 613, 618, 627, 628, 631, 632, 635, 636, 639, 640, 647, 648, 652, 653, 654, 658, 666, 670], "summary": {"covered_lines": 52, "num_statements": 63, "percent_covered": 82.53968253968254, "percent_covered_display": "83", "missing_lines": 11, "excluded_lines": 0}, "missing_lines": [544, 561, 567, 579, 580, 581, 619, 624, 655, 659, 667], "excluded_lines": []}, "Agent._get_model_name": {"executed_lines": [674, 675, 676, 677, 679], "summary": {"covered_lines": 5, "num_statements": 5, "percent_covered": 100.0, "percent_covered_display": "100", "missing_lines": 0, "excluded_lines": 0}, "missing_lines": [], "excluded_lines": []}, "Agent._process_structured_output": {"executed_lines": [684, 685, 686, 695, 696, 697, 699, 700, 701], "summary": {"covered_lines": 9, "num_statements": 37, "percent_covered": 24.324324324324323, "percent_covered_display": "24", "missing_lines": 28, "excluded_lines": 0}, "missing_lines": [687, 688, 689, 692, 703, 704, 705, 708, 709, 710, 711, 712, 713, 714, 715, 718, 719, 720, 721, 722, 723, 724, 725, 727, 728, 729, 730, 732], "excluded_lines": []}, "Agent.execute_task": {"executed_lines": [], "summary": {"covered_lines": 0, "num_statements": 10, "percent_covered": 0.0, "percent_covered_display": "0", "missing_lines": 10, "excluded_lines": 0}, "missing_lines": [746, 747, 748, 749, 750, 751, 753, 756, 757, 759], "excluded_lines": []}, "Agent.aexecute": {"executed_lines": [773, 776, 778, 782, 783, 786, 789, 794, 795, 796, 799, 803, 804, 807, 815, 825, 826, 829, 832, 833, 836, 838, 839, 842, 843, 850, 854, 855, 860, 864, 868, 873, 874, 876], "summary": {"covered_lines": 34, "num_statements": 58, "percent_covered": 58.62068965517241, "percent_covered_display": "59", "missing_lines": 24, "excluded_lines": 0}, "missing_lines": [777, 779, 790, 791, 792, 800, 808, 809, 810, 811, 812, 817, 818, 823, 851, 861, 865, 869, 877, 878, 879, 880, 881, 883], "excluded_lines": []}, "Agent.__repr__": {"executed_lines": [888, 889, 891], "summary": {"covered_lines": 3, "num_statements": 3, "percent_covered": 100.0, "percent_covered_display": "100", "missing_lines": 0, "excluded_lines": 0}, "missing_lines": [], "excluded_lines": []}, "Agent.stream_execute": {"executed_lines": [911, 922, 923, 924, 925, 926, 927, 928, 929, 930], "summary": {"covered_lines": 10, "num_statements": 17, "percent_covered": 58.8235294117647, "percent_covered_display": "59", "missing_lines": 7, "excluded_lines": 0}, "missing_lines": [912, 913, 914, 915, 917, 918, 919], "excluded_lines": []}, "Agent.batch_execute": {"executed_lines": [944, 945, 946], "summary": {"covered_lines": 3, "num_statements": 3, "percent_covered": 100.0, "percent_covered_display": "100", "missing_lines": 0, "excluded_lines": 0}, "missing_lines": [], "excluded_lines": []}, "Agent._execute_with_partials": {"executed_lines": [], "summary": {"covered_lines": 0, "num_statements": 1, "percent_covered": 0.0, "percent_covered_display": "0", "missing_lines": 1, "excluded_lines": 0}, "missing_lines": [961], "excluded_lines": []}, "Agent.metrics": {"executed_lines": [966, 970, 979, 982, 983, 986, 987, 988, 989, 990, 993, 994, 997, 998, 999, 1000, 1001, 1003], "summary": {"covered_lines": 18, "num_statements": 19, "percent_covered": 94.73684210526316, "percent_covered_display": "95", "missing_lines": 1, "excluded_lines": 0}, "missing_lines": [980], "excluded_lines": []}, "Agent.get_metrics": {"executed_lines": [1007], "summary": {"covered_lines": 1, "num_statements": 1, "percent_covered": 100.0, "percent_covered_display": "100", "missing_lines": 0, "excluded_lines": 0}, "missing_lines": [], "excluded_lines": []}, "Agent.clear_memory": {"executed_lines": [1011, 1012], "summary": {"covered_lines": 2, "num_statements": 2, "percent_covered": 100.0, "percent_covered_display": "100", "missing_lines": 0, "excluded_lines": 0}, "missing_lines": [], "excluded_lines": []}, "Agent.search_memory": {"executed_lines": [1016, 1017, 1019, 1020, 1021], "summary": {"covered_lines": 5, "num_statements": 5, "percent_covered": 100.0, "percent_covered_display": "100", "missing_lines": 0, "excluded_lines": 0}, "missing_lines": [], "excluded_lines": []}, "Agent._call_llm": {"executed_lines": [], "summary": {"covered_lines": 0, "num_statements": 14, "percent_covered": 0.0, "percent_covered_display": "0", "missing_lines": 14, "excluded_lines": 0}, "missing_lines": [1026, 1027, 1028, 1029, 1032, 1033, 1034, 1037, 1038, 1044, 1045, 1046, 1047, 1048], "excluded_lines": []}, "Agent._validate_agent_type": {"executed_lines": [1052, 1054], "summary": {"covered_lines": 2, "num_statements": 2, "percent_covered": 100.0, "percent_covered_display": "100", "missing_lines": 0, "excluded_lines": 0}, "missing_lines": [], "excluded_lines": []}, "Agent._setup_type_behaviors": {"executed_lines": [1058, 1061, 1069, 1070, 1071, 1075, 1076, 1077, 1081, 1082, 1083, 1087, 1088, 1089], "summary": {"covered_lines": 14, "num_statements": 15, "percent_covered": 93.33333333333333, "percent_covered_display": "93", "missing_lines": 1, "excluded_lines": 0}, "missing_lines": [1059], "excluded_lines": []}, "Agent._apply_type_to_prompt": {"executed_lines": [], "summary": {"covered_lines": 0, "num_statements": 6, "percent_covered": 0.0, "percent_covered_display": "0", "missing_lines": 6, "excluded_lines": 0}, "missing_lines": [1095, 1096, 1099, 1102, 1103, 1107], "excluded_lines": []}, "Agent._apply_type_to_response": {"executed_lines": [], "summary": {"covered_lines": 0, "num_statements": 11, "percent_covered": 0.0, "percent_covered_display": "0", "missing_lines": 11, "excluded_lines": 0}, "missing_lines": [1111, 1112, 1115, 1118, 1119, 1124, 1126, 1130, 1132, 1137, 1139], "excluded_lines": []}, "Agent.get_type_info": {"executed_lines": [1143, 1144, 1149, 1151, 1152, 1154, 1155, 1165], "summary": {"covered_lines": 8, "num_statements": 8, "percent_covered": 100.0, "percent_covered_display": "100", "missing_lines": 0, "excluded_lines": 0}, "missing_lines": [], "excluded_lines": []}, "Agent.validate_type_config": {"executed_lines": [1169, 1170, 1172, 1176, 1179, 1183, 1189, 1191, 1192, 1195, 1203, 1212], "summary": {"covered_lines": 12, "num_statements": 17, "percent_covered": 70.58823529411765, "percent_covered_display": "71", "missing_lines": 5, "excluded_lines": 0}, "missing_lines": [1173, 1180, 1193, 1201, 1210], "excluded_lines": []}, "": {"executed_lines": [1, 5, 6, 7, 8, 20, 21, 22, 26, 27, 28, 30, 33, 34, 35, 36, 42, 49, 55, 56, 58, 63, 64, 79, 265, 290, 314, 343, 359, 499, 507, 514, 515, 672, 681, 734, 761, 762, 885, 898, 932, 948, 963, 964, 1005, 1009, 1014, 1023, 1050, 1056, 1093, 1109, 1141, 1167], "summary": {"covered_lines": 51, "num_statements": 55, "percent_covered": 92.72727272727273, "percent_covered_display": "93", "missing_lines": 4, "excluded_lines": 0}, "missing_lines": [23, 25, 50, 52], "excluded_lines": []}}, "classes": {"LiteAgent": {"executed_lines": [60], "summary": {"covered_lines": 1, "num_statements": 1, "percent_covered": 100.0, "percent_covered_display": "100", "missing_lines": 0, "excluded_lines": 0}, "missing_lines": [], "excluded_lines": []}, "Agent": {"executed_lines": [118, 119, 120, 121, 122, 123, 124, 125, 126, 127, 128, 129, 130, 131, 132, 135, 136, 137, 138, 141, 142, 145, 146, 150, 151, 154, 157, 158, 163, 164, 165, 168, 169, 170, 173, 174, 175, 177, 180, 181, 182, 186, 187, 188, 192, 195, 197, 198, 199, 203, 205, 206, 207, 209, 211, 212, 213, 215, 217, 220, 221, 224, 227, 228, 229, 232, 234, 237, 240, 247, 248, 251, 254, 255, 262, 263, 267, 293, 296, 302, 305, 316, 318, 319, 321, 322, 324, 333, 341, 347, 348, 349, 350, 351, 352, 353, 355, 356, 357, 366, 367, 368, 371, 373, 377, 379, 380, 381, 382, 384, 385, 387, 389, 397, 398, 399, 400, 404, 405, 406, 408, 409, 410, 412, 415, 416, 418, 435, 446, 447, 503, 505, 509, 510, 526, 529, 530, 537, 538, 541, 542, 543, 547, 550, 551, 552, 553, 555, 556, 557, 560, 570, 571, 574, 575, 578, 584, 586, 587, 592, 595, 596, 597, 600, 601, 608, 609, 612, 613, 618, 627, 628, 631, 632, 635, 636, 639, 640, 647, 648, 652, 653, 654, 658, 666, 670, 674, 675, 676, 677, 679, 684, 685, 686, 695, 696, 697, 699, 700, 701, 773, 776, 778, 782, 783, 786, 789, 794, 795, 796, 799, 803, 804, 807, 815, 825, 826, 829, 832, 833, 836, 838, 839, 842, 843, 850, 854, 855, 860, 864, 868, 873, 874, 876, 888, 889, 891, 911, 922, 923, 924, 925, 926, 927, 928, 929, 930, 944, 945, 946, 966, 970, 979, 982, 983, 986, 987, 988, 989, 990, 993, 994, 997, 998, 999, 1000, 1001, 1003, 1007, 1011, 1012, 1016, 1017, 1019, 1020, 1021, 1052, 1054, 1058, 1061, 1069, 1070, 1071, 1075, 1076, 1077, 1081, 1082, 1083, 1087, 1088, 1089, 1143, 1144, 1149, 1151, 1152, 1154, 1155, 1165, 1169, 1170, 1172, 1176, 1179, 1183, 1189, 1191, 1192, 1195, 1203, 1212], "summary": {"covered_lines": 311, "num_statements": 462, "percent_covered": 67.31601731601732, "percent_covered_display": "67", "missing_lines": 151, "excluded_lines": 0}, "missing_lines": [184, 354, 374, 402, 432, 448, 449, 450, 453, 454, 455, 460, 461, 462, 463, 466, 469, 471, 472, 473, 474, 476, 479, 481, 488, 489, 490, 491, 493, 494, 495, 497, 544, 561, 567, 579, 580, 581, 619, 624, 655, 659, 667, 687, 688, 689, 692, 703, 704, 705, 708, 709, 710, 711, 712, 713, 714, 715, 718, 719, 720, 721, 722, 723, 724, 725, 727, 728, 729, 730, 732, 746, 747, 748, 749, 750, 751, 753, 756, 757, 759, 777, 779, 790, 791, 792, 800, 808, 809, 810, 811, 812, 817, 818, 823, 851, 861, 865, 869, 877, 878, 879, 880, 881, 883, 912, 913, 914, 915, 917, 918, 919, 961, 980, 1026, 1027, 1028, 1029, 1032, 1033, 1034, 1037, 1038, 1044, 1045, 1046, 1047, 1048, 1059, 1095, 1096, 1099, 1102, 1103, 1107, 1111, 1112, 1115, 1118, 1119, 1124, 1126, 1130, 1132, 1137, 1139, 1173, 1180, 1193, 1201, 1210], "excluded_lines": []}, "": {"executed_lines": [1, 5, 6, 7, 8, 20, 21, 22, 26, 27, 28, 30, 33, 34, 35, 36, 42, 49, 55, 56, 58, 63, 64, 79, 265, 290, 314, 343, 359, 499, 507, 514, 515, 672, 681, 734, 761, 762, 885, 898, 932, 948, 963, 964, 1005, 1009, 1014, 1023, 1050, 1056, 1093, 1109, 1141, 1167], "summary": {"covered_lines": 51, "num_statements": 55, "percent_covered": 92.72727272727273, "percent_covered_display": "93", "missing_lines": 4, "excluded_lines": 0}, "missing_lines": [23, 25, 50, 52], "excluded_lines": []}}}, "src/litecrew/agent_types/__init__.py": {"executed_lines": [1, 3, 4, 5, 6, 8], "summary": {"covered_lines": 5, "num_statements": 5, "percent_covered": 100.0, "percent_covered_display": "100", "missing_lines": 0, "excluded_lines": 0}, "missing_lines": [], "excluded_lines": [], "functions": {"": {"executed_lines": [1, 3, 4, 5, 6, 8], "summary": {"covered_lines": 5, "num_statements": 5, "percent_covered": 100.0, "percent_covered_display": "100", "missing_lines": 0, "excluded_lines": 0}, "missing_lines": [], "excluded_lines": []}}, "classes": {"": {"executed_lines": [1, 3, 4, 5, 6, 8], "summary": {"covered_lines": 5, "num_statements": 5, "percent_covered": 100.0, "percent_covered_display": "100", "missing_lines": 0, "excluded_lines": 0}, "missing_lines": [], "excluded_lines": []}}}, "src/litecrew/agent_types/base.py": {"executed_lines": [1, 3, 4, 5, 6, 9, 10, 12, 13, 14, 15, 16, 17, 18, 19, 20, 21, 22, 23, 26, 27, 28, 30, 31, 32, 33, 34, 36, 38, 46, 47, 48, 49, 50, 51, 53, 55, 56, 57, 58, 59, 61, 64, 65, 66, 69, 70, 73, 74, 77, 80, 81, 82, 83, 86, 87, 88, 89, 92, 93, 95, 96, 97, 101, 102, 106, 107, 111, 112, 116, 132, 134, 141, 142, 144, 146, 148, 149], "summary": {"covered_lines": 73, "num_statements": 85, "percent_covered": 85.88235294117646, "percent_covered_display": "86", "missing_lines": 12, "excluded_lines": 0}, "missing_lines": [52, 54, 104, 109, 114, 118, 122, 123, 127, 128, 129, 130], "excluded_lines": [], "functions": {"AgentPersonality.get_trait_modifiers": {"executed_lines": [38, 46, 47, 48, 49, 50, 51, 53, 55, 56, 57, 58, 59, 61], "summary": {"covered_lines": 14, "num_statements": 16, "percent_covered": 87.5, "percent_covered_display": "88", "missing_lines": 2, "excluded_lines": 0}, "missing_lines": [52, 54], "excluded_lines": []}, "AgentType.__init__": {"executed_lines": [96, 97], "summary": {"covered_lines": 2, "num_statements": 2, "percent_covered": 100.0, "percent_covered_display": "100", "missing_lines": 0, "excluded_lines": 0}, "missing_lines": [], "excluded_lines": []}, "AgentType._create_default_personality": {"executed_lines": [], "summary": {"covered_lines": 0, "num_statements": 1, "percent_covered": 0.0, "percent_covered_display": "0", "missing_lines": 1, "excluded_lines": 0}, "missing_lines": [104], "excluded_lines": []}, "AgentType.enhance_prompt": {"executed_lines": [], "summary": {"covered_lines": 0, "num_statements": 1, "percent_covered": 0.0, "percent_covered_display": "0", "missing_lines": 1, "excluded_lines": 0}, "missing_lines": [109], "excluded_lines": []}, "AgentType.process_response": {"executed_lines": [], "summary": {"covered_lines": 0, "num_statements": 1, "percent_covered": 0.0, "percent_covered_display": "0", "missing_lines": 1, "excluded_lines": 0}, "missing_lines": [114], "excluded_lines": []}, "AgentType.validate_response": {"executed_lines": [], "summary": {"covered_lines": 0, "num_statements": 7, "percent_covered": 0.0, "percent_covered_display": "0", "missing_lines": 7, "excluded_lines": 0}, "missing_lines": [118, 122, 123, 127, 128, 129, 130], "excluded_lines": []}, "AgentType.get_system_prompt": {"executed_lines": [134, 141, 142, 144], "summary": {"covered_lines": 4, "num_statements": 4, "percent_covered": 100.0, "percent_covered_display": "100", "missing_lines": 0, "excluded_lines": 0}, "missing_lines": [], "excluded_lines": []}, "AgentType._describe_personality": {"executed_lines": [148, 149], "summary": {"covered_lines": 2, "num_statements": 2, "percent_covered": 100.0, "percent_covered_display": "100", "missing_lines": 0, "excluded_lines": 0}, "missing_lines": [], "excluded_lines": []}, "": {"executed_lines": [1, 3, 4, 5, 6, 9, 10, 12, 13, 14, 15, 16, 17, 18, 19, 20, 21, 22, 23, 26, 27, 28, 30, 31, 32, 33, 34, 36, 64, 65, 66, 69, 70, 73, 74, 77, 80, 81, 82, 83, 86, 87, 88, 89, 92, 93, 95, 101, 102, 106, 107, 111, 112, 116, 132, 146], "summary": {"covered_lines": 51, "num_statements": 51, "percent_covered": 100.0, "percent_covered_display": "100", "missing_lines": 0, "excluded_lines": 0}, "missing_lines": [], "excluded_lines": []}}, "classes": {"PersonalityTrait": {"executed_lines": [], "summary": {"covered_lines": 0, "num_statements": 0, "percent_covered": 100.0, "percent_covered_display": "100", "missing_lines": 0, "excluded_lines": 0}, "missing_lines": [], "excluded_lines": []}, "AgentPersonality": {"executed_lines": [38, 46, 47, 48, 49, 50, 51, 53, 55, 56, 57, 58, 59, 61], "summary": {"covered_lines": 14, "num_statements": 16, "percent_covered": 87.5, "percent_covered_display": "88", "missing_lines": 2, "excluded_lines": 0}, "missing_lines": [52, 54], "excluded_lines": []}, "AgentTypeConfig": {"executed_lines": [], "summary": {"covered_lines": 0, "num_statements": 0, "percent_covered": 100.0, "percent_covered_display": "100", "missing_lines": 0, "excluded_lines": 0}, "missing_lines": [], "excluded_lines": []}, "AgentType": {"executed_lines": [96, 97, 134, 141, 142, 144, 148, 149], "summary": {"covered_lines": 8, "num_statements": 18, "percent_covered": 44.44444444444444, "percent_covered_display": "44", "missing_lines": 10, "excluded_lines": 0}, "missing_lines": [104, 109, 114, 118, 122, 123, 127, 128, 129, 130], "excluded_lines": []}, "": {"executed_lines": [1, 3, 4, 5, 6, 9, 10, 12, 13, 14, 15, 16, 17, 18, 19, 20, 21, 22, 23, 26, 27, 28, 30, 31, 32, 33, 34, 36, 64, 65, 66, 69, 70, 73, 74, 77, 80, 81, 82, 83, 86, 87, 88, 89, 92, 93, 95, 101, 102, 106, 107, 111, 112, 116, 132, 146], "summary": {"covered_lines": 51, "num_statements": 51, "percent_covered": 100.0, "percent_covered_display": "100", "missing_lines": 0, "excluded_lines": 0}, "missing_lines": [], "excluded_lines": []}}}, "src/litecrew/agent_types/behaviors.py": {"executed_lines": [1, 3, 4, 7, 8, 10, 11, 15, 16, 21, 22, 24, 25, 27, 29, 31, 33, 34, 35, 36, 38, 40, 41, 42, 43, 46, 47, 49, 50, 52, 54, 60, 63, 65, 67, 76, 78, 80, 81, 83, 86, 87, 89, 90, 92, 94, 103, 106, 108, 110, 112, 113, 115, 117, 118, 120, 123, 124, 126, 127, 129, 131, 137, 140, 142, 144, 145, 149, 152, 153, 155, 156, 158, 160, 167, 168, 170, 172, 176, 181], "summary": {"covered_lines": 73, "num_statements": 79, "percent_covered": 92.40506329113924, "percent_covered_display": "92", "missing_lines": 6, "excluded_lines": 0}, "missing_lines": [13, 18, 146, 147, 177, 179], "excluded_lines": [], "functions": {"AgentBehavior.modify_prompt": {"executed_lines": [], "summary": {"covered_lines": 0, "num_statements": 1, "percent_covered": 0.0, "percent_covered_display": "0", "missing_lines": 1, "excluded_lines": 0}, "missing_lines": [13], "excluded_lines": []}, "AgentBehavior.modify_response": {"executed_lines": [], "summary": {"covered_lines": 0, "num_statements": 1, "percent_covered": 0.0, "percent_covered_display": "0", "missing_lines": 1, "excluded_lines": 0}, "missing_lines": [18], "excluded_lines": []}, "BehaviorModifier.__init__": {"executed_lines": [25], "summary": {"covered_lines": 1, "num_statements": 1, "percent_covered": 100.0, "percent_covered_display": "100", "missing_lines": 0, "excluded_lines": 0}, "missing_lines": [], "excluded_lines": []}, "BehaviorModifier.add_behavior": {"executed_lines": [29], "summary": {"covered_lines": 1, "num_statements": 1, "percent_covered": 100.0, "percent_covered_display": "100", "missing_lines": 0, "excluded_lines": 0}, "missing_lines": [], "excluded_lines": []}, "BehaviorModifier.apply_to_prompt": {"executed_lines": [33, 34, 35, 36], "summary": {"covered_lines": 4, "num_statements": 4, "percent_covered": 100.0, "percent_covered_display": "100", "missing_lines": 0, "excluded_lines": 0}, "missing_lines": [], "excluded_lines": []}, "BehaviorModifier.apply_to_response": {"executed_lines": [40, 41, 42, 43], "summary": {"covered_lines": 4, "num_statements": 4, "percent_covered": 100.0, "percent_covered_display": "100", "missing_lines": 0, "excluded_lines": 0}, "missing_lines": [], "excluded_lines": []}, "CriticalThinkingBehavior.__init__": {"executed_lines": [50], "summary": {"covered_lines": 1, "num_statements": 1, "percent_covered": 100.0, "percent_covered_display": "100", "missing_lines": 0, "excluded_lines": 0}, "missing_lines": [], "excluded_lines": []}, "CriticalThinkingBehavior.modify_prompt": {"executed_lines": [54, 60, 63], "summary": {"covered_lines": 3, "num_statements": 3, "percent_covered": 100.0, "percent_covered_display": "100", "missing_lines": 0, "excluded_lines": 0}, "missing_lines": [], "excluded_lines": []}, "CriticalThinkingBehavior.modify_response": {"executed_lines": [67, 76, 78, 80, 81, 83], "summary": {"covered_lines": 6, "num_statements": 6, "percent_covered": 100.0, "percent_covered_display": "100", "missing_lines": 0, "excluded_lines": 0}, "missing_lines": [], "excluded_lines": []}, "VerboseThinkingBehavior.__init__": {"executed_lines": [90], "summary": {"covered_lines": 1, "num_statements": 1, "percent_covered": 100.0, "percent_covered_display": "100", "missing_lines": 0, "excluded_lines": 0}, "missing_lines": [], "excluded_lines": []}, "VerboseThinkingBehavior.modify_prompt": {"executed_lines": [94, 103, 106, 108], "summary": {"covered_lines": 4, "num_statements": 4, "percent_covered": 100.0, "percent_covered_display": "100", "missing_lines": 0, "excluded_lines": 0}, "missing_lines": [], "excluded_lines": []}, "VerboseThinkingBehavior.modify_response": {"executed_lines": [112, 113, 115, 117, 118, 120], "summary": {"covered_lines": 6, "num_statements": 6, "percent_covered": 100.0, "percent_covered_display": "100", "missing_lines": 0, "excluded_lines": 0}, "missing_lines": [], "excluded_lines": []}, "ModerationBehavior.__init__": {"executed_lines": [127], "summary": {"covered_lines": 1, "num_statements": 1, "percent_covered": 100.0, "percent_covered_display": "100", "missing_lines": 0, "excluded_lines": 0}, "missing_lines": [], "excluded_lines": []}, "ModerationBehavior.modify_prompt": {"executed_lines": [131, 137, 140], "summary": {"covered_lines": 3, "num_statements": 3, "percent_covered": 100.0, "percent_covered_display": "100", "missing_lines": 0, "excluded_lines": 0}, "missing_lines": [], "excluded_lines": []}, "ModerationBehavior.modify_response": {"executed_lines": [144, 145, 149], "summary": {"covered_lines": 3, "num_statements": 5, "percent_covered": 60.0, "percent_covered_display": "60", "missing_lines": 2, "excluded_lines": 0}, "missing_lines": [146, 147], "excluded_lines": []}, "ConversationalBehavior.__init__": {"executed_lines": [156], "summary": {"covered_lines": 1, "num_statements": 1, "percent_covered": 100.0, "percent_covered_display": "100", "missing_lines": 0, "excluded_lines": 0}, "missing_lines": [], "excluded_lines": []}, "ConversationalBehavior.modify_prompt": {"executed_lines": [160, 167, 168], "summary": {"covered_lines": 3, "num_statements": 3, "percent_covered": 100.0, "percent_covered_display": "100", "missing_lines": 0, "excluded_lines": 0}, "missing_lines": [], "excluded_lines": []}, "ConversationalBehavior.modify_response": {"executed_lines": [172, 176, 181], "summary": {"covered_lines": 3, "num_statements": 5, "percent_covered": 60.0, "percent_covered_display": "60", "missing_lines": 2, "excluded_lines": 0}, "missing_lines": [177, 179], "excluded_lines": []}, "": {"executed_lines": [1, 3, 4, 7, 8, 10, 11, 15, 16, 21, 22, 24, 27, 31, 38, 46, 47, 49, 52, 65, 86, 87, 89, 92, 110, 123, 124, 126, 129, 142, 152, 153, 155, 158, 170], "summary": {"covered_lines": 28, "num_statements": 28, "percent_covered": 100.0, "percent_covered_display": "100", "missing_lines": 0, "excluded_lines": 0}, "missing_lines": [], "excluded_lines": []}}, "classes": {"AgentBehavior": {"executed_lines": [], "summary": {"covered_lines": 0, "num_statements": 2, "percent_covered": 0.0, "percent_covered_display": "0", "missing_lines": 2, "excluded_lines": 0}, "missing_lines": [13, 18], "excluded_lines": []}, "BehaviorModifier": {"executed_lines": [25, 29, 33, 34, 35, 36, 40, 41, 42, 43], "summary": {"covered_lines": 10, "num_statements": 10, "percent_covered": 100.0, "percent_covered_display": "100", "missing_lines": 0, "excluded_lines": 0}, "missing_lines": [], "excluded_lines": []}, "CriticalThinkingBehavior": {"executed_lines": [50, 54, 60, 63, 67, 76, 78, 80, 81, 83], "summary": {"covered_lines": 10, "num_statements": 10, "percent_covered": 100.0, "percent_covered_display": "100", "missing_lines": 0, "excluded_lines": 0}, "missing_lines": [], "excluded_lines": []}, "VerboseThinkingBehavior": {"executed_lines": [90, 94, 103, 106, 108, 112, 113, 115, 117, 118, 120], "summary": {"covered_lines": 11, "num_statements": 11, "percent_covered": 100.0, "percent_covered_display": "100", "missing_lines": 0, "excluded_lines": 0}, "missing_lines": [], "excluded_lines": []}, "ModerationBehavior": {"executed_lines": [127, 131, 137, 140, 144, 145, 149], "summary": {"covered_lines": 7, "num_statements": 9, "percent_covered": 77.77777777777777, "percent_covered_display": "78", "missing_lines": 2, "excluded_lines": 0}, "missing_lines": [146, 147], "excluded_lines": []}, "ConversationalBehavior": {"executed_lines": [156, 160, 167, 168, 172, 176, 181], "summary": {"covered_lines": 7, "num_statements": 9, "percent_covered": 77.77777777777777, "percent_covered_display": "78", "missing_lines": 2, "excluded_lines": 0}, "missing_lines": [177, 179], "excluded_lines": []}, "": {"executed_lines": [1, 3, 4, 7, 8, 10, 11, 15, 16, 21, 22, 24, 27, 31, 38, 46, 47, 49, 52, 65, 86, 87, 89, 92, 110, 123, 124, 126, 129, 142, 152, 153, 155, 158, 170], "summary": {"covered_lines": 28, "num_statements": 28, "percent_covered": 100.0, "percent_covered_display": "100", "missing_lines": 0, "excluded_lines": 0}, "missing_lines": [], "excluded_lines": []}}}, "src/litecrew/agent_types/factory.py": {"executed_lines": [1, 3, 5, 6, 14, 15, 18, 26, 28, 29, 40, 41, 45, 47, 48, 52, 55, 64, 65, 73, 74, 75, 76, 78, 80, 81, 83, 85, 86, 88, 90, 93, 95, 96, 104], "summary": {"covered_lines": 33, "num_statements": 44, "percent_covered": 75.0, "percent_covered_display": "75", "missing_lines": 11, "excluded_lines": 0}, "missing_lines": [36, 37, 38, 56, 58, 59, 60, 61, 68, 91, 98], "excluded_lines": [], "functions": {"AgentTypeFactory.register_type": {"executed_lines": [], "summary": {"covered_lines": 0, "num_statements": 3, "percent_covered": 0.0, "percent_covered_display": "0", "missing_lines": 3, "excluded_lines": 0}, "missing_lines": [36, 37, 38], "excluded_lines": []}, "AgentTypeFactory.create": {"executed_lines": [45, 47, 48, 52, 55, 64, 65, 73, 74, 75, 76, 78], "summary": {"covered_lines": 12, "num_statements": 18, "percent_covered": 66.66666666666667, "percent_covered_display": "67", "missing_lines": 6, "excluded_lines": 0}, "missing_lines": [56, 58, 59, 60, 61, 68], "excluded_lines": []}, "AgentTypeFactory.list_types": {"executed_lines": [83], "summary": {"covered_lines": 1, "num_statements": 1, "percent_covered": 100.0, "percent_covered_display": "100", "missing_lines": 0, "excluded_lines": 0}, "missing_lines": [], "excluded_lines": []}, "AgentTypeFactory.get_type_info": {"executed_lines": [88, 90, 93, 95, 96, 104], "summary": {"covered_lines": 6, "num_statements": 8, "percent_covered": 75.0, "percent_covered_display": "75", "missing_lines": 2, "excluded_lines": 0}, "missing_lines": [91, 98], "excluded_lines": []}, "": {"executed_lines": [1, 3, 5, 6, 14, 15, 18, 26, 28, 29, 40, 41, 80, 81, 85, 86], "summary": {"covered_lines": 14, "num_statements": 14, "percent_covered": 100.0, "percent_covered_display": "100", "missing_lines": 0, "excluded_lines": 0}, "missing_lines": [], "excluded_lines": []}}, "classes": {"AgentTypeFactory": {"executed_lines": [45, 47, 48, 52, 55, 64, 65, 73, 74, 75, 76, 78, 83, 88, 90, 93, 95, 96, 104], "summary": {"covered_lines": 19, "num_statements": 30, "percent_covered": 63.333333333333336, "percent_covered_display": "63", "missing_lines": 11, "excluded_lines": 0}, "missing_lines": [36, 37, 38, 56, 58, 59, 60, 61, 68, 91, 98], "excluded_lines": []}, "": {"executed_lines": [1, 3, 5, 6, 14, 15, 18, 26, 28, 29, 40, 41, 80, 81, 85, 86], "summary": {"covered_lines": 14, "num_statements": 14, "percent_covered": 100.0, "percent_covered_display": "100", "missing_lines": 0, "excluded_lines": 0}, "missing_lines": [], "excluded_lines": []}}}, "src/litecrew/agent_types/types.py": {"executed_lines": [1, 3, 5, 8, 9, 11, 12, 14, 34, 36, 47, 49, 52, 53, 56, 57, 59, 61, 64, 65, 68, 69, 71, 74, 75, 77, 78, 80, 104, 106, 118, 120, 122, 123, 125, 126, 128, 130, 132, 134, 136, 138, 141, 143, 144, 145, 146, 147, 148, 149, 151, 154, 155, 157, 158, 160, 184, 186, 198, 200, 203, 204, 205, 208, 209, 212, 213, 215, 217, 220, 221, 224, 225, 227, 230, 231, 233, 234, 236, 262, 264, 277, 279, 281, 284, 285, 286, 289, 290, 292, 294, 297, 301, 306, 308, 310, 315, 316, 320], "summary": {"covered_lines": 94, "num_statements": 95, "percent_covered": 98.94736842105263, "percent_covered_display": "99", "missing_lines": 1, "excluded_lines": 0}, "missing_lines": [312], "excluded_lines": [], "functions": {"ConversationalAgent.get_default_config": {"executed_lines": [14], "summary": {"covered_lines": 1, "num_statements": 1, "percent_covered": 100.0, "percent_covered_display": "100", "missing_lines": 0, "excluded_lines": 0}, "missing_lines": [], "excluded_lines": []}, "ConversationalAgent._create_default_personality": {"executed_lines": [36], "summary": {"covered_lines": 1, "num_statements": 1, "percent_covered": 100.0, "percent_covered_display": "100", "missing_lines": 0, "excluded_lines": 0}, "missing_lines": [], "excluded_lines": []}, "ConversationalAgent.enhance_prompt": {"executed_lines": [49, 52, 53, 56, 57, 59], "summary": {"covered_lines": 6, "num_statements": 6, "percent_covered": 100.0, "percent_covered_display": "100", "missing_lines": 0, "excluded_lines": 0}, "missing_lines": [], "excluded_lines": []}, "ConversationalAgent.process_response": {"executed_lines": [64, 65, 68, 69, 71], "summary": {"covered_lines": 5, "num_statements": 5, "percent_covered": 100.0, "percent_covered_display": "100", "missing_lines": 0, "excluded_lines": 0}, "missing_lines": [], "excluded_lines": []}, "ThinkingAgent.get_default_config": {"executed_lines": [80], "summary": {"covered_lines": 1, "num_statements": 1, "percent_covered": 100.0, "percent_covered_display": "100", "missing_lines": 0, "excluded_lines": 0}, "missing_lines": [], "excluded_lines": []}, "ThinkingAgent._create_default_personality": {"executed_lines": [106], "summary": {"covered_lines": 1, "num_statements": 1, "percent_covered": 100.0, "percent_covered_display": "100", "missing_lines": 0, "excluded_lines": 0}, "missing_lines": [], "excluded_lines": []}, "ThinkingAgent.enhance_prompt": {"executed_lines": [120, 122, 123, 125, 126, 128], "summary": {"covered_lines": 6, "num_statements": 6, "percent_covered": 100.0, "percent_covered_display": "100", "missing_lines": 0, "excluded_lines": 0}, "missing_lines": [], "excluded_lines": []}, "ThinkingAgent.process_response": {"executed_lines": [132, 134, 136, 138, 141, 143, 144, 145, 146, 147, 148, 149, 151], "summary": {"covered_lines": 13, "num_statements": 13, "percent_covered": 100.0, "percent_covered_display": "100", "missing_lines": 0, "excluded_lines": 0}, "missing_lines": [], "excluded_lines": []}, "ModeratorAgent.get_default_config": {"executed_lines": [160], "summary": {"covered_lines": 1, "num_statements": 1, "percent_covered": 100.0, "percent_covered_display": "100", "missing_lines": 0, "excluded_lines": 0}, "missing_lines": [], "excluded_lines": []}, "ModeratorAgent._create_default_personality": {"executed_lines": [186], "summary": {"covered_lines": 1, "num_statements": 1, "percent_covered": 100.0, "percent_covered_display": "100", "missing_lines": 0, "excluded_lines": 0}, "missing_lines": [], "excluded_lines": []}, "ModeratorAgent.enhance_prompt": {"executed_lines": [200, 203, 204, 205, 208, 209, 212, 213, 215], "summary": {"covered_lines": 9, "num_statements": 9, "percent_covered": 100.0, "percent_covered_display": "100", "missing_lines": 0, "excluded_lines": 0}, "missing_lines": [], "excluded_lines": []}, "ModeratorAgent.process_response": {"executed_lines": [220, 221, 224, 225, 227], "summary": {"covered_lines": 5, "num_statements": 5, "percent_covered": 100.0, "percent_covered_display": "100", "missing_lines": 0, "excluded_lines": 0}, "missing_lines": [], "excluded_lines": []}, "CriticAgent.get_default_config": {"executed_lines": [236], "summary": {"covered_lines": 1, "num_statements": 1, "percent_covered": 100.0, "percent_covered_display": "100", "missing_lines": 0, "excluded_lines": 0}, "missing_lines": [], "excluded_lines": []}, "CriticAgent._create_default_personality": {"executed_lines": [264], "summary": {"covered_lines": 1, "num_statements": 1, "percent_covered": 100.0, "percent_covered_display": "100", "missing_lines": 0, "excluded_lines": 0}, "missing_lines": [], "excluded_lines": []}, "CriticAgent.enhance_prompt": {"executed_lines": [279, 281, 284, 285, 286, 289, 290, 292], "summary": {"covered_lines": 8, "num_statements": 8, "percent_covered": 100.0, "percent_covered_display": "100", "missing_lines": 0, "excluded_lines": 0}, "missing_lines": [], "excluded_lines": []}, "CriticAgent.process_response": {"executed_lines": [297, 301, 306, 308, 310, 315, 316, 320], "summary": {"covered_lines": 8, "num_statements": 9, "percent_covered": 88.88888888888889, "percent_covered_display": "89", "missing_lines": 1, "excluded_lines": 0}, "missing_lines": [312], "excluded_lines": []}, "": {"executed_lines": [1, 3, 5, 8, 9, 11, 12, 34, 47, 61, 74, 75, 77, 78, 104, 118, 130, 154, 155, 157, 158, 184, 198, 217, 230, 231, 233, 234, 262, 277, 294], "summary": {"covered_lines": 26, "num_statements": 26, "percent_covered": 100.0, "percent_covered_display": "100", "missing_lines": 0, "excluded_lines": 0}, "missing_lines": [], "excluded_lines": []}}, "classes": {"ConversationalAgent": {"executed_lines": [14, 36, 49, 52, 53, 56, 57, 59, 64, 65, 68, 69, 71], "summary": {"covered_lines": 13, "num_statements": 13, "percent_covered": 100.0, "percent_covered_display": "100", "missing_lines": 0, "excluded_lines": 0}, "missing_lines": [], "excluded_lines": []}, "ThinkingAgent": {"executed_lines": [80, 106, 120, 122, 123, 125, 126, 128, 132, 134, 136, 138, 141, 143, 144, 145, 146, 147, 148, 149, 151], "summary": {"covered_lines": 21, "num_statements": 21, "percent_covered": 100.0, "percent_covered_display": "100", "missing_lines": 0, "excluded_lines": 0}, "missing_lines": [], "excluded_lines": []}, "ModeratorAgent": {"executed_lines": [160, 186, 200, 203, 204, 205, 208, 209, 212, 213, 215, 220, 221, 224, 225, 227], "summary": {"covered_lines": 16, "num_statements": 16, "percent_covered": 100.0, "percent_covered_display": "100", "missing_lines": 0, "excluded_lines": 0}, "missing_lines": [], "excluded_lines": []}, "CriticAgent": {"executed_lines": [236, 264, 279, 281, 284, 285, 286, 289, 290, 292, 297, 301, 306, 308, 310, 315, 316, 320], "summary": {"covered_lines": 18, "num_statements": 19, "percent_covered": 94.73684210526316, "percent_covered_display": "95", "missing_lines": 1, "excluded_lines": 0}, "missing_lines": [312], "excluded_lines": []}, "": {"executed_lines": [1, 3, 5, 8, 9, 11, 12, 34, 47, 61, 74, 75, 77, 78, 104, 118, 130, 154, 155, 157, 158, 184, 198, 217, 230, 231, 233, 234, 262, 277, 294], "summary": {"covered_lines": 26, "num_statements": 26, "percent_covered": 100.0, "percent_covered_display": "100", "missing_lines": 0, "excluded_lines": 0}, "missing_lines": [], "excluded_lines": []}}}, "src/litecrew/api.py": {"executed_lines": [], "summary": {"covered_lines": 0, "num_statements": 5, "percent_covered": 0.0, "percent_covered_display": "0", "missing_lines": 5, "excluded_lines": 0}, "missing_lines": [4, 6, 7, 9, 11], "excluded_lines": [], "functions": {"": {"executed_lines": [], "summary": {"covered_lines": 0, "num_statements": 5, "percent_covered": 0.0, "percent_covered_display": "0", "missing_lines": 5, "excluded_lines": 0}, "missing_lines": [4, 6, 7, 9, 11], "excluded_lines": []}}, "classes": {"": {"executed_lines": [], "summary": {"covered_lines": 0, "num_statements": 5, "percent_covered": 0.0, "percent_covered_display": "0", "missing_lines": 5, "excluded_lines": 0}, "missing_lines": [4, 6, 7, 9, 11], "excluded_lines": []}}}, "src/litecrew/api/__init__.py": {"executed_lines": [1, 3, 4, 5, 7, 8, 9, 10, 11, 12, 15, 19, 20, 21, 22, 23, 24, 25, 28, 30, 39, 43, 54, 62, 70, 73, 78, 79, 82, 83, 84, 85, 86, 88, 93, 96, 97, 98, 99, 100, 101, 102, 103, 104, 107, 108, 109, 111, 112, 115, 117, 128, 129, 131, 132, 137, 138, 140, 142, 144, 145, 147, 148, 149, 150, 151, 153, 154, 171, 175, 177], "summary": {"covered_lines": 70, "num_statements": 85, "percent_covered": 82.3529411764706, "percent_covered_display": "82", "missing_lines": 15, "excluded_lines": 0}, "missing_lines": [16, 17, 74, 75, 89, 119, 133, 134, 135, 156, 157, 160, 163, 166, 169], "excluded_lines": [], "functions": {"create_app": {"executed_lines": [30, 39, 43, 54, 62, 70, 73, 78, 79, 96, 97, 98, 99, 100, 101, 102, 103, 104, 107, 108, 109, 111, 112, 137, 138, 144, 145, 153, 154, 171], "summary": {"covered_lines": 30, "num_statements": 32, "percent_covered": 93.75, "percent_covered_display": "94", "missing_lines": 2, "excluded_lines": 0}, "missing_lines": [74, 75], "excluded_lines": []}, "create_app.add_security_headers": {"executed_lines": [82, 83, 84, 85, 86, 88, 93], "summary": {"covered_lines": 7, "num_statements": 8, "percent_covered": 87.5, "percent_covered_display": "88", "missing_lines": 1, "excluded_lines": 0}, "missing_lines": [89], "excluded_lines": []}, "create_app.dashboard": {"executed_lines": [115, 117, 128, 129, 131, 132], "summary": {"covered_lines": 6, "num_statements": 10, "percent_covered": 60.0, "percent_covered_display": "60", "missing_lines": 4, "excluded_lines": 0}, "missing_lines": [119, 133, 134, 135], "excluded_lines": []}, "create_app.dashboard_redirect": {"executed_lines": [140, 142], "summary": {"covered_lines": 2, "num_statements": 2, "percent_covered": 100.0, "percent_covered_display": "100", "missing_lines": 0, "excluded_lines": 0}, "missing_lines": [], "excluded_lines": []}, "create_app.add_process_time_header": {"executed_lines": [147, 148, 149, 150, 151], "summary": {"covered_lines": 5, "num_statements": 5, "percent_covered": 100.0, "percent_covered_display": "100", "missing_lines": 0, "excluded_lines": 0}, "missing_lines": [], "excluded_lines": []}, "create_app.startup_event": {"executed_lines": [], "summary": {"covered_lines": 0, "num_statements": 6, "percent_covered": 0.0, "percent_covered_display": "0", "missing_lines": 6, "excluded_lines": 0}, "missing_lines": [156, 157, 160, 163, 166, 169], "excluded_lines": []}, "": {"executed_lines": [1, 3, 4, 5, 7, 8, 9, 10, 11, 12, 15, 19, 20, 21, 22, 23, 24, 25, 28, 175, 177], "summary": {"covered_lines": 20, "num_statements": 22, "percent_covered": 90.9090909090909, "percent_covered_display": "91", "missing_lines": 2, "excluded_lines": 0}, "missing_lines": [16, 17], "excluded_lines": []}}, "classes": {"": {"executed_lines": [1, 3, 4, 5, 7, 8, 9, 10, 11, 12, 15, 19, 20, 21, 22, 23, 24, 25, 28, 30, 39, 43, 54, 62, 70, 73, 78, 79, 82, 83, 84, 85, 86, 88, 93, 96, 97, 98, 99, 100, 101, 102, 103, 104, 107, 108, 109, 111, 112, 115, 117, 128, 129, 131, 132, 137, 138, 140, 142, 144, 145, 147, 148, 149, 150, 151, 153, 154, 171, 175, 177], "summary": {"covered_lines": 70, "num_statements": 85, "percent_covered": 82.3529411764706, "percent_covered_display": "82", "missing_lines": 15, "excluded_lines": 0}, "missing_lines": [16, 17, 74, 75, 89, 119, 133, 134, 135, 156, 157, 160, 163, 166, 169], "excluded_lines": []}}}, "src/litecrew/api/agent_selector.py": {"executed_lines": [1, 3, 6, 7, 10, 63, 86, 87, 104, 106, 107, 108, 109, 112, 120, 123, 124, 127, 128, 129, 132, 133, 136, 139, 140, 141, 142, 143, 144, 145, 146, 149, 150, 151, 153, 156, 159, 161, 162, 166, 168, 169, 180, 183, 187, 188, 192, 193, 197, 198, 202, 203, 206, 209, 210, 211, 212, 214, 216, 217, 228, 231, 232, 235, 238, 239, 240, 241, 244, 246], "summary": {"covered_lines": 68, "num_statements": 68, "percent_covered": 100.0, "percent_covered_display": "100", "missing_lines": 0, "excluded_lines": 0}, "missing_lines": [], "excluded_lines": [], "functions": {"AgentSelector.select_agents": {"executed_lines": [104, 106, 107, 108, 109, 112, 120, 123, 124, 127, 128, 129, 132, 133, 136, 139, 140, 141, 142, 143, 144, 145, 146, 149, 150, 151, 153, 156, 159, 161, 162, 166], "summary": {"covered_lines": 32, "num_statements": 32, "percent_covered": 100.0, "percent_covered_display": "100", "missing_lines": 0, "excluded_lines": 0}, "missing_lines": [], "excluded_lines": []}, "AgentSelector.suggest_process_type": {"executed_lines": [180, 183, 187, 188, 192, 193, 197, 198, 202, 203, 206, 209, 210, 211, 212, 214], "summary": {"covered_lines": 16, "num_statements": 16, "percent_covered": 100.0, "percent_covered_display": "100", "missing_lines": 0, "excluded_lines": 0}, "missing_lines": [], "excluded_lines": []}, "AgentSelector.estimate_execution_time": {"executed_lines": [228, 231, 232, 235, 238, 239, 240, 241, 244, 246], "summary": {"covered_lines": 10, "num_statements": 10, "percent_covered": 100.0, "percent_covered_display": "100", "missing_lines": 0, "excluded_lines": 0}, "missing_lines": [], "excluded_lines": []}, "": {"executed_lines": [1, 3, 6, 7, 10, 63, 86, 87, 168, 169, 216, 217], "summary": {"covered_lines": 10, "num_statements": 10, "percent_covered": 100.0, "percent_covered_display": "100", "missing_lines": 0, "excluded_lines": 0}, "missing_lines": [], "excluded_lines": []}}, "classes": {"AgentSelector": {"executed_lines": [104, 106, 107, 108, 109, 112, 120, 123, 124, 127, 128, 129, 132, 133, 136, 139, 140, 141, 142, 143, 144, 145, 146, 149, 150, 151, 153, 156, 159, 161, 162, 166, 180, 183, 187, 188, 192, 193, 197, 198, 202, 203, 206, 209, 210, 211, 212, 214, 228, 231, 232, 235, 238, 239, 240, 241, 244, 246], "summary": {"covered_lines": 58, "num_statements": 58, "percent_covered": 100.0, "percent_covered_display": "100", "missing_lines": 0, "excluded_lines": 0}, "missing_lines": [], "excluded_lines": []}, "": {"executed_lines": [1, 3, 6, 7, 10, 63, 86, 87, 168, 169, 216, 217], "summary": {"covered_lines": 10, "num_statements": 10, "percent_covered": 100.0, "percent_covered_display": "100", "missing_lines": 0, "excluded_lines": 0}, "missing_lines": [], "excluded_lines": []}}}, "src/litecrew/api/auth/__init__.py": {"executed_lines": [1], "summary": {"covered_lines": 0, "num_statements": 0, "percent_covered": 100.0, "percent_covered_display": "100", "missing_lines": 0, "excluded_lines": 0}, "missing_lines": [], "excluded_lines": [], "functions": {"": {"executed_lines": [1], "summary": {"covered_lines": 0, "num_statements": 0, "percent_covered": 100.0, "percent_covered_display": "100", "missing_lines": 0, "excluded_lines": 0}, "missing_lines": [], "excluded_lines": []}}, "classes": {"": {"executed_lines": [1], "summary": {"covered_lines": 0, "num_statements": 0, "percent_covered": 100.0, "percent_covered_display": "100", "missing_lines": 0, "excluded_lines": 0}, "missing_lines": [], "excluded_lines": []}}}, "src/litecrew/api/auth/google.py": {"executed_lines": [], "summary": {"covered_lines": 0, "num_statements": 91, "percent_covered": 0.0, "percent_covered_display": "0", "missing_lines": 91, "excluded_lines": 0}, "missing_lines": [3, 4, 5, 6, 8, 9, 10, 11, 14, 15, 16, 19, 20, 21, 24, 25, 27, 30, 33, 34, 35, 36, 39, 40, 42, 43, 49, 50, 53, 63, 64, 66, 69, 70, 73, 74, 75, 80, 81, 83, 85, 95, 96, 99, 103, 104, 106, 107, 113, 114, 115, 121, 128, 131, 132, 141, 144, 145, 147, 148, 149, 152, 153, 155, 156, 157, 161, 162, 163, 168, 169, 172, 173, 178, 181, 182, 185, 186, 189, 190, 191, 193, 196, 198, 199, 200, 202, 203, 204, 205, 206], "excluded_lines": [], "functions": {"google_login": {"executed_lines": [], "summary": {"covered_lines": 0, "num_statements": 8, "percent_covered": 0.0, "percent_covered_display": "0", "missing_lines": 8, "excluded_lines": 0}, "missing_lines": [42, 43, 49, 50, 53, 63, 64, 66], "excluded_lines": []}, "google_callback": {"executed_lines": [], "summary": {"covered_lines": 0, "num_statements": 22, "percent_covered": 0.0, "percent_covered_display": "0", "missing_lines": 22, "excluded_lines": 0}, "missing_lines": [73, 74, 75, 80, 81, 83, 85, 95, 96, 99, 103, 104, 106, 107, 113, 114, 115, 121, 128, 131, 132, 141], "excluded_lines": []}, "logout": {"executed_lines": [], "summary": {"covered_lines": 0, "num_statements": 3, "percent_covered": 0.0, "percent_covered_display": "0", "missing_lines": 3, "excluded_lines": 0}, "missing_lines": [147, 148, 149], "excluded_lines": []}, "get_current_user": {"executed_lines": [], "summary": {"covered_lines": 0, "num_statements": 10, "percent_covered": 0.0, "percent_covered_display": "0", "missing_lines": 10, "excluded_lines": 0}, "missing_lines": [155, 156, 157, 161, 162, 163, 168, 169, 172, 173], "excluded_lines": []}, "is_email_allowed": {"executed_lines": [], "summary": {"covered_lines": 0, "num_statements": 8, "percent_covered": 0.0, "percent_covered_display": "0", "missing_lines": 8, "excluded_lines": 0}, "missing_lines": [181, 182, 185, 186, 189, 190, 191, 193], "excluded_lines": []}, "verify_dashboard_auth": {"executed_lines": [], "summary": {"covered_lines": 0, "num_statements": 8, "percent_covered": 0.0, "percent_covered_display": "0", "missing_lines": 8, "excluded_lines": 0}, "missing_lines": [198, 199, 200, 202, 203, 204, 205, 206], "excluded_lines": []}, "": {"executed_lines": [], "summary": {"covered_lines": 0, "num_statements": 32, "percent_covered": 0.0, "percent_covered_display": "0", "missing_lines": 32, "excluded_lines": 0}, "missing_lines": [3, 4, 5, 6, 8, 9, 10, 11, 14, 15, 16, 19, 20, 21, 24, 25, 27, 30, 33, 34, 35, 36, 39, 40, 69, 70, 144, 145, 152, 153, 178, 196], "excluded_lines": []}}, "classes": {"TokenData": {"executed_lines": [], "summary": {"covered_lines": 0, "num_statements": 0, "percent_covered": 100.0, "percent_covered_display": "100", "missing_lines": 0, "excluded_lines": 0}, "missing_lines": [], "excluded_lines": []}, "": {"executed_lines": [], "summary": {"covered_lines": 0, "num_statements": 91, "percent_covered": 0.0, "percent_covered_display": "0", "missing_lines": 91, "excluded_lines": 0}, "missing_lines": [3, 4, 5, 6, 8, 9, 10, 11, 14, 15, 16, 19, 20, 21, 24, 25, 27, 30, 33, 34, 35, 36, 39, 40, 42, 43, 49, 50, 53, 63, 64, 66, 69, 70, 73, 74, 75, 80, 81, 83, 85, 95, 96, 99, 103, 104, 106, 107, 113, 114, 115, 121, 128, 131, 132, 141, 144, 145, 147, 148, 149, 152, 153, 155, 156, 157, 161, 162, 163, 168, 169, 172, 173, 178, 181, 182, 185, 186, 189, 190, 191, 193, 196, 198, 199, 200, 202, 203, 204, 205, 206], "excluded_lines": []}}}, "src/litecrew/api/auth/simple.py": {"executed_lines": [1, 3, 5, 7, 10, 11, 19, 20, 25, 26, 31, 32, 37, 39], "summary": {"covered_lines": 13, "num_statements": 17, "percent_covered": 76.47058823529412, "percent_covered_display": "76", "missing_lines": 4, "excluded_lines": 0}, "missing_lines": [13, 22, 28, 34], "excluded_lines": [], "functions": {"google_login_placeholder": {"executed_lines": [], "summary": {"covered_lines": 0, "num_statements": 1, "percent_covered": 0.0, "percent_covered_display": "0", "missing_lines": 1, "excluded_lines": 0}, "missing_lines": [13], "excluded_lines": []}, "google_callback_placeholder": {"executed_lines": [], "summary": {"covered_lines": 0, "num_statements": 1, "percent_covered": 0.0, "percent_covered_display": "0", "missing_lines": 1, "excluded_lines": 0}, "missing_lines": [22], "excluded_lines": []}, "logout_placeholder": {"executed_lines": [], "summary": {"covered_lines": 0, "num_statements": 1, "percent_covered": 0.0, "percent_covered_display": "0", "missing_lines": 1, "excluded_lines": 0}, "missing_lines": [28], "excluded_lines": []}, "get_current_user_placeholder": {"executed_lines": [], "summary": {"covered_lines": 0, "num_statements": 1, "percent_covered": 0.0, "percent_covered_display": "0", "missing_lines": 1, "excluded_lines": 0}, "missing_lines": [34], "excluded_lines": []}, "verify_dashboard_auth": {"executed_lines": [39], "summary": {"covered_lines": 1, "num_statements": 1, "percent_covered": 100.0, "percent_covered_display": "100", "missing_lines": 0, "excluded_lines": 0}, "missing_lines": [], "excluded_lines": []}, "": {"executed_lines": [1, 3, 5, 7, 10, 11, 19, 20, 25, 26, 31, 32, 37], "summary": {"covered_lines": 12, "num_statements": 12, "percent_covered": 100.0, "percent_covered_display": "100", "missing_lines": 0, "excluded_lines": 0}, "missing_lines": [], "excluded_lines": []}}, "classes": {"": {"executed_lines": [1, 3, 5, 7, 10, 11, 19, 20, 25, 26, 31, 32, 37, 39], "summary": {"covered_lines": 13, "num_statements": 17, "percent_covered": 76.47058823529412, "percent_covered_display": "76", "missing_lines": 4, "excluded_lines": 0}, "missing_lines": [13, 22, 28, 34], "excluded_lines": []}}}, "src/litecrew/api/default_configs.py": {"executed_lines": [1, 3, 6, 7, 10, 34, 50, 68, 69, 71, 73, 74, 76, 78, 79, 81, 83, 84, 86, 87, 88, 89, 90], "summary": {"covered_lines": 21, "num_statements": 21, "percent_covered": 100.0, "percent_covered_display": "100", "missing_lines": 0, "excluded_lines": 0}, "missing_lines": [], "excluded_lines": [], "functions": {"DefaultConfigs.get_llm_config": {"executed_lines": [71], "summary": {"covered_lines": 1, "num_statements": 1, "percent_covered": 100.0, "percent_covered_display": "100", "missing_lines": 0, "excluded_lines": 0}, "missing_lines": [], "excluded_lines": []}, "DefaultConfigs.get_process_config": {"executed_lines": [76], "summary": {"covered_lines": 1, "num_statements": 1, "percent_covered": 100.0, "percent_covered_display": "100", "missing_lines": 0, "excluded_lines": 0}, "missing_lines": [], "excluded_lines": []}, "DefaultConfigs.get_agent_config": {"executed_lines": [81], "summary": {"covered_lines": 1, "num_statements": 1, "percent_covered": 100.0, "percent_covered_display": "100", "missing_lines": 0, "excluded_lines": 0}, "missing_lines": [], "excluded_lines": []}, "DefaultConfigs.merge_configs": {"executed_lines": [86, 87, 88, 89, 90], "summary": {"covered_lines": 5, "num_statements": 5, "percent_covered": 100.0, "percent_covered_display": "100", "missing_lines": 0, "excluded_lines": 0}, "missing_lines": [], "excluded_lines": []}, "": {"executed_lines": [1, 3, 6, 7, 10, 34, 50, 68, 69, 73, 74, 78, 79, 83, 84], "summary": {"covered_lines": 13, "num_statements": 13, "percent_covered": 100.0, "percent_covered_display": "100", "missing_lines": 0, "excluded_lines": 0}, "missing_lines": [], "excluded_lines": []}}, "classes": {"DefaultConfigs": {"executed_lines": [71, 76, 81, 86, 87, 88, 89, 90], "summary": {"covered_lines": 8, "num_statements": 8, "percent_covered": 100.0, "percent_covered_display": "100", "missing_lines": 0, "excluded_lines": 0}, "missing_lines": [], "excluded_lines": []}, "": {"executed_lines": [1, 3, 6, 7, 10, 34, 50, 68, 69, 73, 74, 78, 79, 83, 84], "summary": {"covered_lines": 13, "num_statements": 13, "percent_covered": 100.0, "percent_covered_display": "100", "missing_lines": 0, "excluded_lines": 0}, "missing_lines": [], "excluded_lines": []}}}, "src/litecrew/api/middleware/__init__.py": {"executed_lines": [1], "summary": {"covered_lines": 0, "num_statements": 0, "percent_covered": 100.0, "percent_covered_display": "100", "missing_lines": 0, "excluded_lines": 0}, "missing_lines": [], "excluded_lines": [], "functions": {"": {"executed_lines": [1], "summary": {"covered_lines": 0, "num_statements": 0, "percent_covered": 100.0, "percent_covered_display": "100", "missing_lines": 0, "excluded_lines": 0}, "missing_lines": [], "excluded_lines": []}}, "classes": {"": {"executed_lines": [1], "summary": {"covered_lines": 0, "num_statements": 0, "percent_covered": 100.0, "percent_covered_display": "100", "missing_lines": 0, "excluded_lines": 0}, "missing_lines": [], "excluded_lines": []}}}, "src/litecrew/api/middleware/auth.py": {"executed_lines": [1, 3, 4, 6, 7, 8, 11, 12, 14, 15, 16, 25, 27, 33, 36, 39, 40, 43, 44, 47, 49, 51, 53, 59, 61, 63, 69, 71, 75, 78, 83, 107, 109, 110, 112, 118], "summary": {"covered_lines": 34, "num_statements": 41, "percent_covered": 82.92682926829268, "percent_covered_display": "83", "missing_lines": 7, "excluded_lines": 0}, "missing_lines": [80, 85, 86, 92, 98, 99, 104], "excluded_lines": [], "functions": {"APIKeyMiddleware.__init__": {"executed_lines": [15, 16, 25, 27], "summary": {"covered_lines": 4, "num_statements": 4, "percent_covered": 100.0, "percent_covered_display": "100", "missing_lines": 0, "excluded_lines": 0}, "missing_lines": [], "excluded_lines": []}, "APIKeyMiddleware.dispatch": {"executed_lines": [36, 39, 40, 43, 44, 47, 49, 51, 53, 59, 61, 63, 69, 71], "summary": {"covered_lines": 14, "num_statements": 14, "percent_covered": 100.0, "percent_covered_display": "100", "missing_lines": 0, "excluded_lines": 0}, "missing_lines": [], "excluded_lines": []}, "get_api_key": {"executed_lines": [], "summary": {"covered_lines": 0, "num_statements": 1, "percent_covered": 0.0, "percent_covered_display": "0", "missing_lines": 1, "excluded_lines": 0}, "missing_lines": [80], "excluded_lines": []}, "require_api_key": {"executed_lines": [], "summary": {"covered_lines": 0, "num_statements": 6, "percent_covered": 0.0, "percent_covered_display": "0", "missing_lines": 6, "excluded_lines": 0}, "missing_lines": [85, 86, 92, 98, 99, 104], "excluded_lines": []}, "verify_api_key": {"executed_lines": [109, 110, 112, 118], "summary": {"covered_lines": 4, "num_statements": 4, "percent_covered": 100.0, "percent_covered_display": "100", "missing_lines": 0, "excluded_lines": 0}, "missing_lines": [], "excluded_lines": []}, "": {"executed_lines": [1, 3, 4, 6, 7, 8, 11, 12, 14, 33, 75, 78, 83, 107], "summary": {"covered_lines": 12, "num_statements": 12, "percent_covered": 100.0, "percent_covered_display": "100", "missing_lines": 0, "excluded_lines": 0}, "missing_lines": [], "excluded_lines": []}}, "classes": {"APIKeyMiddleware": {"executed_lines": [15, 16, 25, 27, 36, 39, 40, 43, 44, 47, 49, 51, 53, 59, 61, 63, 69, 71], "summary": {"covered_lines": 18, "num_statements": 18, "percent_covered": 100.0, "percent_covered_display": "100", "missing_lines": 0, "excluded_lines": 0}, "missing_lines": [], "excluded_lines": []}, "": {"executed_lines": [1, 3, 4, 6, 7, 8, 11, 12, 14, 33, 75, 78, 83, 107, 109, 110, 112, 118], "summary": {"covered_lines": 16, "num_statements": 23, "percent_covered": 69.56521739130434, "percent_covered_display": "70", "missing_lines": 7, "excluded_lines": 0}, "missing_lines": [80, 85, 86, 92, 98, 99, 104], "excluded_lines": []}}}, "src/litecrew/api/middleware/rate_limit.py": {"executed_lines": [1, 3, 4, 5, 7, 8, 11, 12, 14, 21, 22, 23, 24, 25, 27, 30, 31, 34, 35, 38, 39, 40, 44, 46, 47, 48, 50, 54, 55, 57, 60, 61, 63, 64, 67, 72, 73, 75, 94, 97, 98, 99, 102, 104, 108], "summary": {"covered_lines": 43, "num_statements": 59, "percent_covered": 72.88135593220339, "percent_covered_display": "73", "missing_lines": 16, "excluded_lines": 0}, "missing_lines": [36, 42, 77, 82, 83, 110, 111, 112, 115, 117, 118, 120, 122, 124, 125, 127], "excluded_lines": [], "functions": {"RateLimitMiddleware.__init__": {"executed_lines": [21, 22, 23, 24, 25], "summary": {"covered_lines": 5, "num_statements": 5, "percent_covered": 100.0, "percent_covered_display": "100", "missing_lines": 0, "excluded_lines": 0}, "missing_lines": [], "excluded_lines": []}, "RateLimitMiddleware._get_client_id": {"executed_lines": [30, 31, 34, 35, 38, 39, 40], "summary": {"covered_lines": 7, "num_statements": 9, "percent_covered": 77.77777777777777, "percent_covered_display": "78", "missing_lines": 2, "excluded_lines": 0}, "missing_lines": [36, 42], "excluded_lines": []}, "RateLimitMiddleware._get_limit": {"executed_lines": [46, 47, 48], "summary": {"covered_lines": 3, "num_statements": 3, "percent_covered": 100.0, "percent_covered_display": "100", "missing_lines": 0, "excluded_lines": 0}, "missing_lines": [], "excluded_lines": []}, "RateLimitMiddleware._clean_old_requests": {"executed_lines": [54, 55], "summary": {"covered_lines": 2, "num_statements": 2, "percent_covered": 100.0, "percent_covered_display": "100", "missing_lines": 0, "excluded_lines": 0}, "missing_lines": [], "excluded_lines": []}, "RateLimitMiddleware.dispatch": {"executed_lines": [60, 61, 63, 64, 67, 72, 73, 75, 94, 97, 98, 99, 102, 104], "summary": {"covered_lines": 14, "num_statements": 17, "percent_covered": 82.3529411764706, "percent_covered_display": "82", "missing_lines": 3, "excluded_lines": 0}, "missing_lines": [77, 82, 83], "excluded_lines": []}, "setup_slowapi_limiter": {"executed_lines": [], "summary": {"covered_lines": 0, "num_statements": 8, "percent_covered": 0.0, "percent_covered_display": "0", "missing_lines": 8, "excluded_lines": 0}, "missing_lines": [110, 111, 112, 115, 122, 124, 125, 127], "excluded_lines": []}, "setup_slowapi_limiter.get_rate_limit_key": {"executed_lines": [], "summary": {"covered_lines": 0, "num_statements": 3, "percent_covered": 0.0, "percent_covered_display": "0", "missing_lines": 3, "excluded_lines": 0}, "missing_lines": [117, 118, 120], "excluded_lines": []}, "": {"executed_lines": [1, 3, 4, 5, 7, 8, 11, 12, 14, 27, 44, 50, 57, 108], "summary": {"covered_lines": 12, "num_statements": 12, "percent_covered": 100.0, "percent_covered_display": "100", "missing_lines": 0, "excluded_lines": 0}, "missing_lines": [], "excluded_lines": []}}, "classes": {"RateLimitMiddleware": {"executed_lines": [21, 22, 23, 24, 25, 30, 31, 34, 35, 38, 39, 40, 46, 47, 48, 54, 55, 60, 61, 63, 64, 67, 72, 73, 75, 94, 97, 98, 99, 102, 104], "summary": {"covered_lines": 31, "num_statements": 36, "percent_covered": 86.11111111111111, "percent_covered_display": "86", "missing_lines": 5, "excluded_lines": 0}, "missing_lines": [36, 42, 77, 82, 83], "excluded_lines": []}, "": {"executed_lines": [1, 3, 4, 5, 7, 8, 11, 12, 14, 27, 44, 50, 57, 108], "summary": {"covered_lines": 12, "num_statements": 23, "percent_covered": 52.17391304347826, "percent_covered_display": "52", "missing_lines": 11, "excluded_lines": 0}, "missing_lines": [110, 111, 112, 115, 117, 118, 120, 122, 124, 125, 127], "excluded_lines": []}}}, "src/litecrew/api/models.py": {"executed_lines": [1, 3, 5, 8, 9, 11, 12, 13, 14, 15, 16, 19, 20, 22, 23, 24, 25, 26, 27, 28, 29, 30, 33, 34, 36, 37, 40, 41, 43, 44, 45, 48, 49, 51, 52, 55, 56, 58, 59, 60, 61, 62, 65, 66, 68, 69, 72, 73, 75, 76, 77, 78, 79, 82, 83, 85, 86, 87, 88, 89, 90, 91, 93, 94, 96, 97, 98, 99, 102, 103, 105, 106, 107, 108, 109, 110, 111, 112, 113, 114, 115, 116, 117, 120, 121, 123, 124, 125, 126, 127, 128, 129, 130, 131, 132, 133, 134, 136, 137, 138, 139, 140, 142, 143, 144, 147, 148, 150, 151, 152, 153, 154, 155], "summary": {"covered_lines": 100, "num_statements": 100, "percent_covered": 100.0, "percent_covered_display": "100", "missing_lines": 0, "excluded_lines": 0}, "missing_lines": [], "excluded_lines": [], "functions": {"": {"executed_lines": [1, 3, 5, 8, 9, 11, 12, 13, 14, 15, 16, 19, 20, 22, 23, 24, 25, 26, 27, 28, 29, 30, 33, 34, 36, 37, 40, 41, 43, 44, 45, 48, 49, 51, 52, 55, 56, 58, 59, 60, 61, 62, 65, 66, 68, 69, 72, 73, 75, 76, 77, 78, 79, 82, 83, 85, 86, 87, 88, 89, 90, 91, 93, 94, 96, 97, 98, 99, 102, 103, 105, 106, 107, 108, 109, 110, 111, 112, 113, 114, 115, 116, 117, 120, 121, 123, 124, 125, 126, 127, 128, 129, 130, 131, 132, 133, 134, 136, 137, 138, 139, 140, 142, 143, 144, 147, 148, 150, 151, 152, 153, 154, 155], "summary": {"covered_lines": 100, "num_statements": 100, "percent_covered": 100.0, "percent_covered_display": "100", "missing_lines": 0, "excluded_lines": 0}, "missing_lines": [], "excluded_lines": []}}, "classes": {"CrewCreate": {"executed_lines": [], "summary": {"covered_lines": 0, "num_statements": 0, "percent_covered": 100.0, "percent_covered_display": "100", "missing_lines": 0, "excluded_lines": 0}, "missing_lines": [], "excluded_lines": []}, "CrewResponse": {"executed_lines": [], "summary": {"covered_lines": 0, "num_statements": 0, "percent_covered": 100.0, "percent_covered_display": "100", "missing_lines": 0, "excluded_lines": 0}, "missing_lines": [], "excluded_lines": []}, "CrewUpdate": {"executed_lines": [], "summary": {"covered_lines": 0, "num_statements": 0, "percent_covered": 100.0, "percent_covered_display": "100", "missing_lines": 0, "excluded_lines": 0}, "missing_lines": [], "excluded_lines": []}, "TaskSubmission": {"executed_lines": [], "summary": {"covered_lines": 0, "num_statements": 0, "percent_covered": 100.0, "percent_covered_display": "100", "missing_lines": 0, "excluded_lines": 0}, "missing_lines": [], "excluded_lines": []}, "ExecutionRequest": {"executed_lines": [], "summary": {"covered_lines": 0, "num_statements": 0, "percent_covered": 100.0, "percent_covered_display": "100", "missing_lines": 0, "excluded_lines": 0}, "missing_lines": [], "excluded_lines": []}, "ProcessType": {"executed_lines": [], "summary": {"covered_lines": 0, "num_statements": 0, "percent_covered": 100.0, "percent_covered_display": "100", "missing_lines": 0, "excluded_lines": 0}, "missing_lines": [], "excluded_lines": []}, "ProcessSwitch": {"executed_lines": [], "summary": {"covered_lines": 0, "num_statements": 0, "percent_covered": 100.0, "percent_covered_display": "100", "missing_lines": 0, "excluded_lines": 0}, "missing_lines": [], "excluded_lines": []}, "AgentTypeInfo": {"executed_lines": [], "summary": {"covered_lines": 0, "num_statements": 0, "percent_covered": 100.0, "percent_covered_display": "100", "missing_lines": 0, "excluded_lines": 0}, "missing_lines": [], "excluded_lines": []}, "AgentCreate": {"executed_lines": [], "summary": {"covered_lines": 0, "num_statements": 0, "percent_covered": 100.0, "percent_covered_display": "100", "missing_lines": 0, "excluded_lines": 0}, "missing_lines": [], "excluded_lines": []}, "AgentResponse": {"executed_lines": [], "summary": {"covered_lines": 0, "num_statements": 0, "percent_covered": 100.0, "percent_covered_display": "100", "missing_lines": 0, "excluded_lines": 0}, "missing_lines": [], "excluded_lines": []}, "QuickStartRequest": {"executed_lines": [], "summary": {"covered_lines": 0, "num_statements": 0, "percent_covered": 100.0, "percent_covered_display": "100", "missing_lines": 0, "excluded_lines": 0}, "missing_lines": [], "excluded_lines": []}, "TemplateInfo": {"executed_lines": [], "summary": {"covered_lines": 0, "num_statements": 0, "percent_covered": 100.0, "percent_covered_display": "100", "missing_lines": 0, "excluded_lines": 0}, "missing_lines": [], "excluded_lines": []}, "": {"executed_lines": [1, 3, 5, 8, 9, 11, 12, 13, 14, 15, 16, 19, 20, 22, 23, 24, 25, 26, 27, 28, 29, 30, 33, 34, 36, 37, 40, 41, 43, 44, 45, 48, 49, 51, 52, 55, 56, 58, 59, 60, 61, 62, 65, 66, 68, 69, 72, 73, 75, 76, 77, 78, 79, 82, 83, 85, 86, 87, 88, 89, 90, 91, 93, 94, 96, 97, 98, 99, 102, 103, 105, 106, 107, 108, 109, 110, 111, 112, 113, 114, 115, 116, 117, 120, 121, 123, 124, 125, 126, 127, 128, 129, 130, 131, 132, 133, 134, 136, 137, 138, 139, 140, 142, 143, 144, 147, 148, 150, 151, 152, 153, 154, 155], "summary": {"covered_lines": 100, "num_statements": 100, "percent_covered": 100.0, "percent_covered_display": "100", "missing_lines": 0, "excluded_lines": 0}, "missing_lines": [], "excluded_lines": []}}}, "src/litecrew/api/process_callbacks.py": {"executed_lines": [1, 3, 4, 6, 8, 11, 12, 14, 15, 17, 46, 66, 70, 73, 76, 77, 78, 81, 82, 84], "summary": {"covered_lines": 18, "num_statements": 32, "percent_covered": 56.25, "percent_covered_display": "56", "missing_lines": 14, "excluded_lines": 0}, "missing_lines": [20, 23, 33, 36, 38, 48, 49, 50, 51, 52, 54, 60, 61, 63], "excluded_lines": [], "functions": {"WebSocketProcessCallback.__init__": {"executed_lines": [15], "summary": {"covered_lines": 1, "num_statements": 1, "percent_covered": 100.0, "percent_covered_display": "100", "missing_lines": 0, "excluded_lines": 0}, "missing_lines": [], "excluded_lines": []}, "WebSocketProcessCallback.on_event": {"executed_lines": [], "summary": {"covered_lines": 0, "num_statements": 5, "percent_covered": 0.0, "percent_covered_display": "0", "missing_lines": 5, "excluded_lines": 0}, "missing_lines": [20, 23, 33, 36, 38], "excluded_lines": []}, "WebSocketProcessCallback._make_serializable": {"executed_lines": [], "summary": {"covered_lines": 0, "num_statements": 9, "percent_covered": 0.0, "percent_covered_display": "0", "missing_lines": 9, "excluded_lines": 0}, "missing_lines": [48, 49, 50, 51, 52, 54, 60, 61, 63], "excluded_lines": []}, "create_process_config_with_websocket": {"executed_lines": [70, 73, 76, 77, 78, 81, 82, 84], "summary": {"covered_lines": 8, "num_statements": 8, "percent_covered": 100.0, "percent_covered_display": "100", "missing_lines": 0, "excluded_lines": 0}, "missing_lines": [], "excluded_lines": []}, "": {"executed_lines": [1, 3, 4, 6, 8, 11, 12, 14, 17, 46, 66], "summary": {"covered_lines": 9, "num_statements": 9, "percent_covered": 100.0, "percent_covered_display": "100", "missing_lines": 0, "excluded_lines": 0}, "missing_lines": [], "excluded_lines": []}}, "classes": {"WebSocketProcessCallback": {"executed_lines": [15], "summary": {"covered_lines": 1, "num_statements": 15, "percent_covered": 6.666666666666667, "percent_covered_display": "7", "missing_lines": 14, "excluded_lines": 0}, "missing_lines": [20, 23, 33, 36, 38, 48, 49, 50, 51, 52, 54, 60, 61, 63], "excluded_lines": []}, "": {"executed_lines": [1, 3, 4, 6, 8, 11, 12, 14, 17, 46, 66, 70, 73, 76, 77, 78, 81, 82, 84], "summary": {"covered_lines": 17, "num_statements": 17, "percent_covered": 100.0, "percent_covered_display": "100", "missing_lines": 0, "excluded_lines": 0}, "missing_lines": [], "excluded_lines": []}}}, "src/litecrew/api/routers/__init__.py": {"executed_lines": [1], "summary": {"covered_lines": 0, "num_statements": 0, "percent_covered": 100.0, "percent_covered_display": "100", "missing_lines": 0, "excluded_lines": 0}, "missing_lines": [], "excluded_lines": [], "functions": {"": {"executed_lines": [1], "summary": {"covered_lines": 0, "num_statements": 0, "percent_covered": 100.0, "percent_covered_display": "100", "missing_lines": 0, "excluded_lines": 0}, "missing_lines": [], "excluded_lines": []}}, "classes": {"": {"executed_lines": [1], "summary": {"covered_lines": 0, "num_statements": 0, "percent_covered": 100.0, "percent_covered_display": "100", "missing_lines": 0, "excluded_lines": 0}, "missing_lines": [], "excluded_lines": []}}}, "src/litecrew/api/routers/agents.py": {"executed_lines": [1, 3, 4, 5, 7, 9, 10, 12, 13, 15, 18, 19, 24, 25, 34, 37, 39, 41, 43, 53, 54, 55, 58, 63, 64, 67, 70, 121, 122, 123, 124, 130, 131, 133, 134, 136, 137, 173, 174, 178, 179, 182, 185, 186, 220, 223, 224, 236, 237], "summary": {"covered_lines": 48, "num_statements": 97, "percent_covered": 49.48453608247423, "percent_covered_display": "49", "missing_lines": 49, "excluded_lines": 0}, "missing_lines": [21, 27, 28, 29, 30, 31, 59, 60, 73, 74, 75, 76, 85, 86, 103, 105, 142, 143, 144, 145, 146, 153, 154, 156, 183, 188, 189, 190, 191, 192, 199, 200, 202, 226, 228, 229, 233, 239, 240, 242, 243, 247, 248, 250, 252, 260, 262, 273, 274], "excluded_lines": [], "functions": {"list_agent_types": {"executed_lines": [], "summary": {"covered_lines": 0, "num_statements": 1, "percent_covered": 0.0, "percent_covered_display": "0", "missing_lines": 1, "excluded_lines": 0}, "missing_lines": [21], "excluded_lines": []}, "get_agent_type_info": {"executed_lines": [], "summary": {"covered_lines": 0, "num_statements": 5, "percent_covered": 0.0, "percent_covered_display": "0", "missing_lines": 5, "excluded_lines": 0}, "missing_lines": [27, 28, 29, 30, 31], "excluded_lines": []}, "create_agent": {"executed_lines": [39, 41, 43, 53, 54, 55, 58, 63, 64, 67, 70, 121, 122, 123, 124], "summary": {"covered_lines": 15, "num_statements": 25, "percent_covered": 60.0, "percent_covered_display": "60", "missing_lines": 10, "excluded_lines": 0}, "missing_lines": [59, 60, 73, 74, 75, 76, 85, 86, 103, 105], "excluded_lines": []}, "get_agent": {"executed_lines": [133, 134, 136, 137], "summary": {"covered_lines": 4, "num_statements": 12, "percent_covered": 33.333333333333336, "percent_covered_display": "33", "missing_lines": 8, "excluded_lines": 0}, "missing_lines": [142, 143, 144, 145, 146, 153, 154, 156], "excluded_lines": []}, "list_agents": {"executed_lines": [178, 179, 182, 185, 186, 220], "summary": {"covered_lines": 6, "num_statements": 15, "percent_covered": 40.0, "percent_covered_display": "40", "missing_lines": 9, "excluded_lines": 0}, "missing_lines": [183, 188, 189, 190, 191, 192, 199, 200, 202], "excluded_lines": []}, "delete_agent": {"executed_lines": [], "summary": {"covered_lines": 0, "num_statements": 4, "percent_covered": 0.0, "percent_covered_display": "0", "missing_lines": 4, "excluded_lines": 0}, "missing_lines": [226, 228, 229, 233], "excluded_lines": []}, "validate_agent_type": {"executed_lines": [], "summary": {"covered_lines": 0, "num_statements": 12, "percent_covered": 0.0, "percent_covered_display": "0", "missing_lines": 12, "excluded_lines": 0}, "missing_lines": [239, 240, 242, 243, 247, 248, 250, 252, 260, 262, 273, 274], "excluded_lines": []}, "": {"executed_lines": [1, 3, 4, 5, 7, 9, 10, 12, 13, 15, 18, 19, 24, 25, 34, 37, 130, 131, 173, 174, 223, 224, 236, 237], "summary": {"covered_lines": 23, "num_statements": 23, "percent_covered": 100.0, "percent_covered_display": "100", "missing_lines": 0, "excluded_lines": 0}, "missing_lines": [], "excluded_lines": []}}, "classes": {"": {"executed_lines": [1, 3, 4, 5, 7, 9, 10, 12, 13, 15, 18, 19, 24, 25, 34, 37, 39, 41, 43, 53, 54, 55, 58, 63, 64, 67, 70, 121, 122, 123, 124, 130, 131, 133, 134, 136, 137, 173, 174, 178, 179, 182, 185, 186, 220, 223, 224, 236, 237], "summary": {"covered_lines": 48, "num_statements": 97, "percent_covered": 49.48453608247423, "percent_covered_display": "49", "missing_lines": 49, "excluded_lines": 0}, "missing_lines": [21, 27, 28, 29, 30, 31, 59, 60, 73, 74, 75, 76, 85, 86, 103, 105, 142, 143, 144, 145, 146, 153, 154, 156, 183, 188, 189, 190, 191, 192, 199, 200, 202, 226, 228, 229, 233, 239, 240, 242, 243, 247, 248, 250, 252, 260, 262, 273, 274], "excluded_lines": []}}}, "src/litecrew/api/routers/crews.py": {"executed_lines": [1, 3, 4, 5, 6, 8, 10, 12, 13, 14, 16, 19, 20, 22, 25, 26, 27, 34, 39, 40, 43, 44, 46, 50, 55, 58, 62, 70, 82, 83, 85, 97, 98, 100, 101, 102, 103, 106, 109, 112, 113, 115, 116, 118, 119, 120, 123, 124, 127, 128, 130, 131, 132, 136, 137, 138, 139, 141, 143, 144, 147, 150, 153, 154, 156, 157, 158, 161, 162, 163, 166, 167, 169, 170, 171, 174, 177, 187, 188, 190, 197, 198, 200, 201, 202, 203, 205, 208, 211, 212, 220, 222, 223, 224, 229, 239, 240, 242, 252, 253, 255, 256, 257], "summary": {"covered_lines": 102, "num_statements": 112, "percent_covered": 91.07142857142857, "percent_covered_display": "91", "missing_lines": 10, "excluded_lines": 0}, "missing_lines": [35, 36, 37, 133, 159, 172, 214, 217, 248, 249], "excluded_lines": [], "functions": {"create_crew": {"executed_lines": [22, 25, 26, 27, 34, 39, 40, 43, 44, 46, 50, 55, 58, 62, 70, 82, 83, 85], "summary": {"covered_lines": 18, "num_statements": 21, "percent_covered": 85.71428571428571, "percent_covered_display": "86", "missing_lines": 3, "excluded_lines": 0}, "missing_lines": [35, 36, 37], "excluded_lines": []}, "get_crew": {"executed_lines": [100, 101, 102, 103, 106, 109], "summary": {"covered_lines": 6, "num_statements": 6, "percent_covered": 100.0, "percent_covered_display": "100", "missing_lines": 0, "excluded_lines": 0}, "missing_lines": [], "excluded_lines": []}, "list_crews": {"executed_lines": [115, 116, 118, 119, 120, 123, 124], "summary": {"covered_lines": 7, "num_statements": 7, "percent_covered": 100.0, "percent_covered_display": "100", "missing_lines": 0, "excluded_lines": 0}, "missing_lines": [], "excluded_lines": []}, "update_crew": {"executed_lines": [130, 131, 132, 136, 137, 138, 139, 141, 143, 144, 147, 150], "summary": {"covered_lines": 12, "num_statements": 13, "percent_covered": 92.3076923076923, "percent_covered_display": "92", "missing_lines": 1, "excluded_lines": 0}, "missing_lines": [133], "excluded_lines": []}, "delete_crew": {"executed_lines": [156, 157, 158, 161, 162, 163], "summary": {"covered_lines": 6, "num_statements": 7, "percent_covered": 85.71428571428571, "percent_covered_display": "86", "missing_lines": 1, "excluded_lines": 0}, "missing_lines": [159], "excluded_lines": []}, "submit_task": {"executed_lines": [169, 170, 171, 174, 177, 187, 188, 190], "summary": {"covered_lines": 8, "num_statements": 9, "percent_covered": 88.88888888888889, "percent_covered_display": "89", "missing_lines": 1, "excluded_lines": 0}, "missing_lines": [172], "excluded_lines": []}, "execute_crew": {"executed_lines": [200, 201, 202, 203, 205, 208, 211, 212, 220, 222, 223, 224, 229, 239, 240, 242], "summary": {"covered_lines": 16, "num_statements": 20, "percent_covered": 80.0, "percent_covered_display": "80", "missing_lines": 4, "excluded_lines": 0}, "missing_lines": [214, 217, 248, 249], "excluded_lines": []}, "get_crew_executions": {"executed_lines": [255, 256, 257], "summary": {"covered_lines": 3, "num_statements": 3, "percent_covered": 100.0, "percent_covered_display": "100", "missing_lines": 0, "excluded_lines": 0}, "missing_lines": [], "excluded_lines": []}, "": {"executed_lines": [1, 3, 4, 5, 6, 8, 10, 12, 13, 14, 16, 19, 20, 97, 98, 112, 113, 127, 128, 153, 154, 166, 167, 197, 198, 252, 253], "summary": {"covered_lines": 26, "num_statements": 26, "percent_covered": 100.0, "percent_covered_display": "100", "missing_lines": 0, "excluded_lines": 0}, "missing_lines": [], "excluded_lines": []}}, "classes": {"": {"executed_lines": [1, 3, 4, 5, 6, 8, 10, 12, 13, 14, 16, 19, 20, 22, 25, 26, 27, 34, 39, 40, 43, 44, 46, 50, 55, 58, 62, 70, 82, 83, 85, 97, 98, 100, 101, 102, 103, 106, 109, 112, 113, 115, 116, 118, 119, 120, 123, 124, 127, 128, 130, 131, 132, 136, 137, 138, 139, 141, 143, 144, 147, 150, 153, 154, 156, 157, 158, 161, 162, 163, 166, 167, 169, 170, 171, 174, 177, 187, 188, 190, 197, 198, 200, 201, 202, 203, 205, 208, 211, 212, 220, 222, 223, 224, 229, 239, 240, 242, 252, 253, 255, 256, 257], "summary": {"covered_lines": 102, "num_statements": 112, "percent_covered": 91.07142857142857, "percent_covered_display": "91", "missing_lines": 10, "excluded_lines": 0}, "missing_lines": [35, 36, 37, 133, 159, 172, 214, 217, 248, 249], "excluded_lines": []}}}, "src/litecrew/api/routers/executions.py": {"executed_lines": [1, 3, 5, 7, 9, 12, 13, 23, 24, 26, 27], "summary": {"covered_lines": 10, "num_statements": 16, "percent_covered": 62.5, "percent_covered_display": "
[...]
 49, 52, 53, 64, 65, 81, 84, 85], "summary": {"covered_lines": 11, "num_statements": 28, "percent_covered": 39.285714285714285, "percent_covered_display": "39", "missing_lines": 17, "excluded_lines": 0}, "missing_lines": [45, 50, 55, 56, 58, 59, 62, 82, 87, 88, 90, 91, 94, 99, 100, 101, 106], "excluded_lines": []}, "": {"executed_lines": [1, 5, 6, 7, 8, 9, 12, 13, 15, 16, 17, 18, 21, 22, 24, 25, 67, 68, 96, 97, 103, 104], "summary": {"covered_lines": 19, "num_statements": 19, "percent_covered": 100.0, "percent_covered_display": "100", "missing_lines": 0, "excluded_lines": 0}, "missing_lines": [], "excluded_lines": []}}}, "src/litecrew/storage/manager.py": {"executed_lines": [1, 5, 6, 7, 8, 9, 10, 12, 13, 14, 17, 18, 20, 44, 45, 46, 47, 50, 51, 53, 58, 59, 60, 63, 68, 70, 81, 82, 85, 88, 91, 94, 95, 97, 99, 113, 114, 115, 116, 127, 134, 136, 138, 142, 146, 147, 151, 155, 156, 158, 160, 162, 170, 171, 172, 173, 175, 177, 180, 181, 182, 185, 187, 192], "summary": {"covered_lines": 62, "num_statements": 78, "percent_covered": 79.48717948717949, "percent_covered_display": "79", "missing_lines": 16, "excluded_lines": 0}, "missing_lines": [52, 55, 61, 65, 119, 122, 123, 125, 129, 131, 132, 140, 183, 189, 190, 194], "excluded_lines": [], "functions": {"StorageManager.__init__": {"executed_lines": [44, 45, 46, 47, 50, 51, 53, 58, 59, 60, 63, 68], "summary": {"covered_lines": 12, "num_statements": 16, "percent_covered": 75.0, "percent_covered_display": "75", "missing_lines": 4, "excluded_lines": 0}, "missing_lines": [52, 55, 61, 65], "excluded_lines": []}, "StorageManager.store_result": {"executed_lines": [81, 82, 85, 88, 91, 94, 95, 97], "summary": {"covered_lines": 8, "num_statements": 8, "percent_covered": 100.0, "percent_covered_display": "100", "missing_lines": 0, "excluded_lines": 0}, "missing_lines": [], "excluded_lines": []}, "StorageManager.get_result": {"executed_lines": [113, 114, 115, 116], "summary": {"covered_lines": 4, "num_statements": 8, "percent_covered": 50.0, "percent_covered_display": "50", "missing_lines": 4, "excluded_lines": 0}, "missing_lines": [119, 122, 123, 125], "excluded_lines": []}, "StorageManager.delete_result": {"executed_lines": [], "summary": {"covered_lines": 0, "num_statements": 3, "percent_covered": 0.0, "percent_covered_display": "0", "missing_lines": 3, "excluded_lines": 0}, "missing_lines": [129, 131, 132], "excluded_lines": []}, "StorageManager.list_results": {"executed_lines": [136], "summary": {"covered_lines": 1, "num_statements": 1, "percent_covered": 100.0, "percent_covered_display": "100", "missing_lines": 0, "excluded_lines": 0}, "missing_lines": [], "excluded_lines": []}, "StorageManager.get_versions": {"executed_lines": [], "summary": {"covered_lines": 0, "num_statements": 1, "percent_covered": 0.0, "percent_covered_display": "0", "missing_lines": 1, "excluded_lines": 0}, "missing_lines": [140], "excluded_lines": []}, "StorageManager.astore_result": {"executed_lines": [146, 147], "summary": {"covered_lines": 2, "num_statements": 2, "percent_covered": 100.0, "percent_covered_display": "100", "missing_lines": 0, "excluded_lines": 0}, "missing_lines": [], "excluded_lines": []}, "StorageManager.aget_result": {"executed_lines": [155, 156], "summary": {"covered_lines": 2, "num_statements": 2, "percent_covered": 100.0, "percent_covered_display": "100", "missing_lines": 0, "excluded_lines": 0}, "missing_lines": [], "excluded_lines": []}, "StorageManager.get_metrics": {"executed_lines": [160, 162, 170, 171, 172, 173, 175], "summary": {"covered_lines": 7, "num_statements": 7, "percent_covered": 100.0, "percent_covered_display": "100", "missing_lines": 0, "excluded_lines": 0}, "missing_lines": [], "excluded_lines": []}, "StorageManager._generate_key": {"executed_lines": [180, 181, 182, 185], "summary": {"covered_lines": 4, "num_statements": 5, "percent_covered": 80.0, "percent_covered_display": "80", "missing_lines": 1, "excluded_lines": 0}, "missing_lines": [183], "excluded_lines": []}, "StorageManager.clear_cache": {"executed_lines": [], "summary": {"covered_lines": 0, "num_statements": 2, "percent_covered": 0.0, "percent_covered_display": "0", "missing_lines": 2, "excluded_lines": 0}, "missing_lines": [189, 190], "excluded_lines": []}, "StorageManager.close": {"executed_lines": [], "summary": {"covered_lines": 0, "num_statements": 1, "percent_covered": 0.0, "percent_covered_display": "0", "missing_lines": 1, "excluded_lines": 0}, "missing_lines": [194], "excluded_lines": []}, "": {"executed_lines": [1, 5, 6, 7, 8, 9, 10, 12, 13, 14, 17, 18, 20, 70, 99, 127, 134, 138, 142, 151, 158, 177, 187, 192], "summary": {"covered_lines": 22, "num_statements": 22, "percent_covered": 100.0, "percent_covered_display": "100", "missing_lines": 0, "excluded_lines": 0}, "missing_lines": [], "excluded_lines": []}}, "classes": {"StorageManager": {"executed_lines": [44, 45, 46, 47, 50, 51, 53, 58, 59, 60, 63, 68, 81, 82, 85, 88, 91, 94, 95, 97, 113, 114, 115, 116, 136, 146, 147, 155, 156, 160, 162, 170, 171, 172, 173, 175, 180, 181, 182, 185], "summary": {"covered_lines": 40, "num_statements": 56, "percent_covered": 71.42857142857143, "percent_covered_display": "71", "missing_lines": 16, "excluded_lines": 0}, "missing_lines": [52, 55, 61, 65, 119, 122, 123, 125, 129, 131, 132, 140, 183, 189, 190, 194], "excluded_lines": []}, "": {"executed_lines": [1, 5, 6, 7, 8, 9, 10, 12, 13, 14, 17, 18, 20, 70, 99, 127, 134, 138, 142, 151, 158, 177, 187, 192], "summary": {"covered_lines": 22, "num_statements": 22, "percent_covered": 100.0, "percent_covered_display": "100", "missing_lines": 0, "excluded_lines": 0}, "missing_lines": [], "excluded_lines": []}}}, "src/litecrew/storage/sqlite.py": {"executed_lines": [1, 5, 6, 7, 8, 9, 10, 11, 13, 16, 17, 19, 26, 27, 28, 29, 31, 33, 34, 50, 56, 62, 73, 74, 76, 79, 80, 81, 83, 85, 87, 89, 90, 91, 93, 99, 104, 105, 109, 110, 111, 113, 116, 117, 118, 123, 128, 130, 132, 134, 135, 138, 139, 140, 141, 142, 143, 147, 149, 152, 154, 155, 156, 161, 162, 168, 174, 175, 176, 177, 183, 184, 185, 193, 202, 204, 205, 206, 209, 213, 215, 216, 217, 219, 220, 225, 229, 233, 235, 236, 237, 241, 242, 246, 248, 249, 250, 255, 267, 271, 273, 275], "summary": {"covered_lines": 100, "num_statements": 120, "percent_covered": 83.33333333333333, "percent_covered_display": "83", "missing_lines": 20, "excluded_lines": 0}, "missing_lines": [106, 125, 126, 145, 190, 191, 195, 196, 197, 198, 199, 200, 210, 211, 230, 231, 243, 244, 264, 265], "excluded_lines": [], "functions": {"SQLiteStorage.__init__": {"executed_lines": [26, 27, 28, 29], "summary": {"covered_lines": 4, "num_statements": 4, "percent_covered": 100.0, "percent_covered_display": "100", "missing_lines": 0, "excluded_lines": 0}, "missing_lines": [], "excluded_lines": []}, "SQLiteStorage._init_db": {"executed_lines": [33, 34, 50, 56, 62], "summary": {"covered_lines": 5, "num_statements": 5, "percent_covered": 100.0, "percent_covered_display": "100", "missing_lines": 0, "excluded_lines": 0}, "missing_lines": [], "excluded_lines": []}, "SQLiteStorage._get_connection": {"executed_lines": [76, 79, 80, 81, 83], "summary": {"covered_lines": 5, "num_statements": 5, "percent_covered": 100.0, "percent_covered_display": "100", "missing_lines": 0, "excluded_lines": 0}, "missing_lines": [], "excluded_lines": []}, "SQLiteStorage.read": {"executed_lines": [87, 89, 90, 91, 93, 99, 104, 105, 109, 110, 111, 113, 116, 117, 118, 123], "summary": {"covered_lines": 16, "num_statements": 19, "percent_covered": 84.21052631578948, "percent_covered_display": "84", "missing_lines": 3, "excluded_lines": 0}, "missing_lines": [106, 125, 126], "excluded_lines": []}, "SQLiteStorage.write": {"executed_lines": [130, 132, 134, 135, 138, 139, 140, 141, 142, 143, 147, 149, 152, 154, 155, 156, 161, 162, 168, 174, 175, 176, 177, 183, 184, 185], "summary": {"covered_lines": 26, "num_statements": 29, "percent_covered": 89.65517241379311, "percent_covered_display": "90", "missing_lines": 3, "excluded_lines": 0}, "missing_lines": [145, 190, 191], "excluded_lines": []}, "SQLiteStorage.delete": {"executed_lines": [], "summary": {"covered_lines": 0, "num_statements": 6, "percent_covered": 0.0, "percent_covered_display": "0", "missing_lines": 6, "excluded_lines": 0}, "missing_lines": [195, 196, 197, 198, 199, 200], "excluded_lines": []}, "SQLiteStorage.exists": {"executed_lines": [204, 205, 206, 209], "summary": {"covered_lines": 4, "num_statements": 6, "percent_covered": 66.66666666666667, "percent_covered_display": "67", "missing_lines": 2, "excluded_lines": 0}, "missing_lines": [210, 211], "excluded_lines": []}, "SQLiteStorage.list_keys": {"executed_lines": [215, 216, 217, 219, 220, 225, 229], "summary": {"covered_lines": 7, "num_statements": 9, "percent_covered": 77.77777777777777, "percent_covered_display": "78", "missing_lines": 2, "excluded_lines": 0}, "missing_lines": [230, 231], "excluded_lines": []}, "SQLiteStorage.get_size": {"executed_lines": [235, 236, 237, 241, 242], "summary": {"covered_lines": 5, "num_statements": 7, "percent_covered": 71.42857142857143, "percent_covered_display": "71", "missing_lines": 2, "excluded_lines": 0}, "missing_lines": [243, 244], "excluded_lines": []}, "SQLiteStorage.list_versions": {"executed_lines": [248, 249, 250, 255], "summary": {"covered_lines": 4, "num_statements": 6, "percent_covered": 66.66666666666667, "percent_covered_display": "67", "missing_lines": 2, "excluded_lines": 0}, "missing_lines": [264, 265], "excluded_lines": []}, "SQLiteStorage.search_by_metadata": {"executed_lines": [271], "summary": {"covered_lines": 1, "num_statements": 1, "percent_covered": 100.0, "percent_covered_display": "100", "missing_lines": 0, "excluded_lines": 0}, "missing_lines": [], "excluded_lines": []}, "SQLiteStorage.get_metrics": {"executed_lines": [275], "summary": {"covered_lines": 1, "num_statements": 1, "percent_covered": 100.0, "percent_covered_display": "100", "missing_lines": 0, "excluded_lines": 0}, "missing_lines": [], "excluded_lines": []}, "": {"executed_lines": [1, 5, 6, 7, 8, 9, 10, 11, 13, 16, 17, 19, 31, 73, 74, 85, 128, 193, 202, 213, 233, 246, 267, 273], "summary": {"covered_lines": 22, "num_statements": 22, "percent_covered": 100.0, "percent_covered_display": "100", "missing_lines": 0, "excluded_lines": 0}, "missing_lines": [], "excluded_lines": []}}, "classes": {"SQLiteStorage": {"executed_lines": [26, 27, 28, 29, 33, 34, 50, 56, 62, 76, 79, 80, 81, 83, 87, 89, 90, 91, 93, 99, 104, 105, 109, 110, 111, 113, 116, 117, 118, 123, 130, 132, 134, 135, 138, 139, 140, 141, 142, 143, 147, 149, 152, 154, 155, 156, 161, 162, 168, 174, 175, 176, 177, 183, 184, 185, 204, 205, 206, 209, 215, 216, 217, 219, 220, 225, 229, 235, 236, 237, 241, 242, 248, 249, 250, 255, 271, 275], "summary": {"covered_lines": 78, "num_statements": 98, "percent_covered": 79.59183673469387, "percent_covered_display": "80", "missing_lines": 20, "excluded_lines": 0}, "missing_lines": [106, 125, 126, 145, 190, 191, 195, 196, 197, 198, 199, 200, 210, 211, 230, 231, 243, 244, 264, 265], "excluded_lines": []}, "": {"executed_lines": [1, 5, 6, 7, 8, 9, 10, 11, 13, 16, 17, 19, 31, 73, 74, 85, 128, 193, 202, 213, 233, 246, 267, 273], "summary": {"covered_lines": 22, "num_statements": 22, "percent_covered": 100.0, "percent_covered_display": "100", "missing_lines": 0, "excluded_lines": 0}, "missing_lines": [], "excluded_lines": []}}}, "src/litecrew/storage/versioning.py": {"executed_lines": [1, 5, 6, 7, 8, 9, 12, 13, 14, 16, 17, 18, 19, 20, 21, 23, 25, 26, 28, 30, 31, 33, 34, 38, 39, 41, 43, 68, 70, 71, 74, 76, 77, 78, 79, 81, 83, 85, 96, 97], "summary": {"covered_lines": 38, "num_statements": 50, "percent_covered": 76.0, "percent_covered_display": "76", "missing_lines": 12, "excluded_lines": 0}, "missing_lines": [45, 52, 54, 55, 56, 57, 58, 59, 60, 66, 87, 99], "excluded_lines": [], "functions": {"ResultVersion.__post_init__": {"executed_lines": [25, 26], "summary": {"covered_lines": 2, "num_statements": 2, "percent_covered": 100.0, "percent_covered_display": "100", "missing_lines": 0, "excluded_lines": 0}, "missing_lines": [], "excluded_lines": []}, "ResultVersion._calculate_checksum": {"executed_lines": [30, 31], "summary": {"covered_lines": 2, "num_statements": 2, "percent_covered": 100.0, "percent_covered_display": "100", "missing_lines": 0, "excluded_lines": 0}, "missing_lines": [], "excluded_lines": []}, "ResultVersion.create": {"executed_lines": [38, 39, 41], "summary": {"covered_lines": 3, "num_statements": 3, "percent_covered": 100.0, "percent_covered_display": "100", "missing_lines": 0, "excluded_lines": 0}, "missing_lines": [], "excluded_lines": []}, "ResultVersion.get_diff": {"executed_lines": [], "summary": {"covered_lines": 0, "num_statements": 10, "percent_covered": 0.0, "percent_covered_display": "0", "missing_lines": 10, "excluded_lines": 0}, "missing_lines": [45, 52, 54, 55, 56, 57, 58, 59, 60, 66], "excluded_lines": []}, "ResultVersion.get_history": {"executed_lines": [70, 71, 74, 76, 77, 78, 79, 81, 83], "summary": {"covered_lines": 9, "num_statements": 9, "percent_covered": 100.0, "percent_covered_display": "100", "missing_lines": 0, "excluded_lines": 0}, "missing_lines": [], "excluded_lines": []}, "ResultVersion.to_dict": {"executed_lines": [], "summary": {"covered_lines": 0, "num_statements": 1, "percent_covered": 0.0, "percent_covered_display": "0", "missing_lines": 1, "excluded_lines": 0}, "missing_lines": [87], "excluded_lines": []}, "ResultVersion.from_dict": {"executed_lines": [], "summary": {"covered_lines": 0, "num_statements": 1, "percent_covered": 0.0, "percent_covered_display": "0", "missing_lines": 1, "excluded_lines": 0}, "missing_lines": [99], "excluded_lines": []}, "": {"executed_lines": [1, 5, 6, 7, 8, 9, 12, 13, 14, 16, 17, 18, 19, 20, 21, 23, 28, 33, 34, 43, 68, 85, 96, 97], "summary": {"covered_lines": 22, "num_statements": 22, "percent_covered": 100.0, "percent_covered_display": "100", "missing_lines": 0, "excluded_lines": 0}, "missing_lines": [], "excluded_lines": []}}, "classes": {"ResultVersion": {"executed_lines": [25, 26, 30, 31, 38, 39, 41, 70, 71, 74, 76, 77, 78, 79, 81, 83], "summary": {"covered_lines": 16, "num_statements": 28, "percent_covered": 57.142857142857146, "percent_covered_display": "57", "missing_lines": 12, "excluded_lines": 0}, "missing_lines": [45, 52, 54, 55, 56, 57, 58, 59, 60, 66, 87, 99], "excluded_lines": []}, "": {"executed_lines": [1, 5, 6, 7, 8, 9, 12, 13, 14, 16, 17, 18, 19, 20, 21, 23, 28, 33, 34, 43, 68, 85, 96, 97], "summary": {"covered_lines": 22, "num_statements": 22, "percent_covered": 100.0, "percent_covered_display": "100", "missing_lines": 0, "excluded_lines": 0}, "missing_lines": [], "excluded_lines": []}}}, "src/litecrew/task.py": {"executed_lines": [1, 5, 6, 8, 11, 12, 14, 15, 16, 17, 19, 20, 23, 24, 30, 31, 34, 37, 38, 41, 46, 49, 53, 54, 56, 66, 67, 70, 73, 74, 79, 80, 83, 90, 91, 93, 95, 97, 102, 104, 106, 107, 109, 110, 111, 112, 116, 118, 119, 123], "summary": {"covered_lines": 47, "num_statements": 47, "percent_covered": 100.0, "percent_covered_display": "100", "missing_lines": 0, "excluded_lines": 0}, "missing_lines": [], "excluded_lines": [], "functions": {"TaskOutput.__str__": {"executed_lines": [20], "summary": {"covered_lines": 1, "num_statements": 1, "percent_covered": 100.0, "percent_covered_display": "100", "missing_lines": 0, "excluded_lines": 0}, "missing_lines": [], "excluded_lines": []}, "LiteTask.execute": {"executed_lines": [66, 67, 70, 73, 74, 79, 80, 83, 90, 91, 93, 95, 97, 102], "summary": {"covered_lines": 14, "num_statements": 14, "percent_covered": 100.0, "percent_covered_display": "100", "missing_lines": 0, "excluded_lines": 0}, "missing_lines": [], "excluded_lines": []}, "LiteTask._build_context": {"executed_lines": [106, 107, 109, 110, 111, 112, 116], "summary": {"covered_lines": 7, "num_statements": 7, "percent_covered": 100.0, "percent_covered_display": "100", "missing_lines": 0, "excluded_lines": 0}, "missing_lines": [], "excluded_lines": []}, "LiteTask.__str__": {"executed_lines": [119], "summary": {"covered_lines": 1, "num_statements": 1, "percent_covered": 100.0, "percent_covered_display": "100", "missing_lines": 0, "excluded_lines": 0}, "missing_lines": [], "excluded_lines": []}, "": {"executed_lines": [1, 5, 6, 8, 11, 12, 14, 15, 16, 17, 19, 23, 24, 30, 31, 34, 37, 38, 41, 46, 49, 53, 54, 56, 104, 118, 123], "summary": {"covered_lines": 24, "num_statements": 24, "percent_covered": 100.0, "percent_covered_display": "100", "missing_lines": 0, "excluded_lines": 0}, "missing_lines": [], "excluded_lines": []}}, "classes": {"TaskOutput": {"executed_lines": [20], "summary": {"covered_lines": 1, "num_statements": 1, "percent_covered": 100.0, "percent_covered_display": "100", "missing_lines": 0, "excluded_lines": 0}, "missing_lines": [], "excluded_lines": []}, "LiteTask": {"executed_lines": [66, 67, 70, 73, 74, 79, 80, 83, 90, 91, 93, 95, 97, 102, 106, 107, 109, 110, 111, 112, 116, 119], "summary": {"covered_lines": 22, "num_statements": 22, "percent_covered": 100.0, "percent_covered_display": "100", "missing_lines": 0, "excluded_lines": 0}, "missing_lines": [], "excluded_lines": []}, "LiteTask.Config": {"executed_lines": [], "summary": {"covered_lines": 0, "num_statements": 0, "percent_covered": 100.0, "percent_covered_display": "100", "missing_lines": 0, "excluded_lines": 0}, "missing_lines": [], "excluded_lines": []}, "": {"executed_lines": [1, 5, 6, 8, 11, 12, 14, 15, 16, 17, 19, 23, 24, 30, 31, 34, 37, 38, 41, 46, 49, 53, 54, 56, 104, 118, 123], "summary": {"covered_lines": 24, "num_statements": 24, "percent_covered": 100.0, "percent_covered_display": "100", "missing_lines": 0, "excluded_lines": 0}, "missing_lines": [], "excluded_lines": []}}}, "src/litecrew/tools.py": {"executed_lines": [1, 5, 7, 9, 13, 14, 16, 24, 26, 32, 44, 46, 47, 48, 49, 51, 52, 54, 57, 64, 66, 67, 68, 69, 70, 71, 74, 75, 76, 78], "summary": {"covered_lines": 28, "num_statements": 29, "percent_covered": 96.55172413793103, "percent_covered_display": "97", "missing_lines": 1, "excluded_lines": 0}, "missing_lines": [10], "excluded_lines": [], "functions": {"DelegationTool.__init__": {"executed_lines": [24, 26], "summary": {"covered_lines": 2, "num_statements": 2, "percent_covered": 100.0, "percent_covered_display": "100", "missing_lines": 0, "excluded_lines": 0}, "missing_lines": [], "excluded_lines": []}, "DelegationTool._delegate_with_agents": {"executed_lines": [44, 46, 47, 48, 49, 51, 52], "summary": {"covered_lines": 7, "num_statements": 7, "percent_covered": 100.0, "percent_covered_display": "100", "missing_lines": 0, "excluded_lines": 0}, "missing_lines": [], "excluded_lines": []}, "DelegationTool._parse_delegation": {"executed_lines": [57, 64, 66, 67, 68, 69, 70, 71, 74, 75, 76, 78], "summary": {"covered_lines": 12, "num_statements": 12, "percent_covered": 100.0, "percent_covered_display": "100", "missing_lines": 0, "excluded_lines": 0}, "missing_lines": [], "excluded_lines": []}, "": {"executed_lines": [1, 5, 7, 9, 13, 14, 16, 32, 54], "summary": {"covered_lines": 7, "num_statements": 8, "percent_covered": 87.5, "percent_covered_display": "88", "missing_lines": 1, "excluded_lines": 0}, "missing_lines": [10], "excluded_lines": []}}, "classes": {"DelegationTool": {"executed_lines": [24, 26, 44, 46, 47, 48, 49, 51, 52, 57, 64, 66, 67, 68, 69, 70, 71, 74, 75, 76, 78], "summary": {"covered_lines": 21, "num_statements": 21, "percent_covered": 100.0, "percent_covered_display": "100", "missing_lines": 0, "excluded_lines": 0}, "missing_lines": [], "excluded_lines": []}, "": {"executed_lines": [1, 5, 7, 9, 13, 14, 16, 32, 54], "summary": {"covered_lines": 7, "num_statements": 8, "percent_covered": 87.5, "percent_covered_display": "88", "missing_lines": 1, "excluded_lines": 0}, "missing_lines": [10], "excluded_lines": []}}}}, "totals": {"covered_lines": 5422, "num_statements": 7141, "percent_covered": 75.9277412127153, "percent_covered_display": "76", "missing_lines": 1719, "excluded_lines": 0}}